2025-03-16 17:56:50 - uvicorn.error - INFO - Will watch for changes in these directories: ['C:\\Users\\mohe_2004\\Documents\\github\\FTP-server+ap\\server']
2025-03-16 17:56:50 - uvicorn.error - INFO - Uvicorn running on http://127.0.0.1:8000 (Press CTRL+C to quit)
2025-03-16 17:56:50 - uvicorn.error - INFO - Started reloader process [20132] using WatchFiles
2025-03-16 17:56:51 - uvicorn.error - INFO - Started server process [9084]
2025-03-16 17:56:51 - uvicorn.error - INFO - Waiting for application startup.
2025-03-16 17:56:51 - uvicorn.error - INFO - Application startup complete.
2025-03-16 17:58:02 - watchfiles.main - INFO - 1 change detected
2025-03-16 17:58:02 - watchfiles.main - INFO - 1 change detected
2025-03-16 17:58:02 - watchfiles.main - INFO - 1 change detected
2025-03-16 17:58:03 - watchfiles.main - INFO - 1 change detected
2025-03-16 17:58:03 - watchfiles.main - INFO - 1 change detected
2025-03-16 17:58:04 - watchfiles.main - INFO - 1 change detected
2025-03-16 17:58:04 - watchfiles.main - INFO - 1 change detected
2025-03-16 17:58:04 - watchfiles.main - INFO - 1 change detected
2025-03-16 17:58:05 - watchfiles.main - INFO - 1 change detected
2025-03-16 17:58:05 - watchfiles.main - INFO - 1 change detected
2025-03-16 17:58:06 - watchfiles.main - INFO - 1 change detected
2025-03-16 17:58:06 - watchfiles.main - INFO - 1 change detected
2025-03-16 17:58:06 - watchfiles.main - INFO - 1 change detected
2025-03-16 17:58:07 - watchfiles.main - INFO - 1 change detected
2025-03-16 17:58:07 - uvicorn.error - WARNING - WatchFiles detected changes in 'main.py'. Reloading...
2025-03-16 17:58:07 - uvicorn.error - INFO - Shutting down
2025-03-16 17:58:07 - uvicorn.error - INFO - Waiting for application shutdown.
2025-03-16 17:58:07 - uvicorn.error - INFO - Application shutdown complete.
2025-03-16 17:58:07 - uvicorn.error - INFO - Finished server process [9084]
2025-03-16 17:58:07 - watchfiles.main - INFO - 6 changes detected
2025-03-16 17:58:08 - uvicorn.error - INFO - Started server process [11732]
2025-03-16 17:58:08 - uvicorn.error - INFO - Waiting for application startup.
2025-03-16 17:58:08 - uvicorn.error - INFO - Application startup complete.
2025-03-16 17:58:08 - watchfiles.main - INFO - 1 change detected
2025-03-16 17:58:09 - watchfiles.main - INFO - 1 change detected
2025-03-16 17:58:09 - watchfiles.main - INFO - 1 change detected
2025-03-16 17:58:09 - watchfiles.main - INFO - 1 change detected
2025-03-16 17:58:10 - watchfiles.main - INFO - 1 change detected
2025-03-16 17:58:10 - watchfiles.main - INFO - 1 change detected
2025-03-16 17:58:11 - watchfiles.main - INFO - 1 change detected
2025-03-16 17:58:11 - watchfiles.main - INFO - 1 change detected
2025-03-16 17:58:11 - watchfiles.main - INFO - 1 change detected
2025-03-16 17:58:12 - watchfiles.main - INFO - 1 change detected
2025-03-16 17:58:12 - watchfiles.main - INFO - 1 change detected
2025-03-16 17:58:13 - watchfiles.main - INFO - 1 change detected
2025-03-16 17:58:13 - watchfiles.main - INFO - 1 change detected
2025-03-16 17:58:13 - watchfiles.main - INFO - 1 change detected
2025-03-16 17:58:14 - watchfiles.main - INFO - 1 change detected
2025-03-16 17:58:14 - watchfiles.main - INFO - 1 change detected
2025-03-16 17:58:14 - watchfiles.main - INFO - 1 change detected
2025-03-16 17:58:15 - watchfiles.main - INFO - 1 change detected
2025-03-16 17:58:15 - watchfiles.main - INFO - 1 change detected
2025-03-16 17:58:15 - watchfiles.main - INFO - 1 change detected
2025-03-16 17:58:16 - watchfiles.main - INFO - 1 change detected
2025-03-16 17:58:16 - watchfiles.main - INFO - 1 change detected
2025-03-16 17:58:17 - watchfiles.main - INFO - 1 change detected
2025-03-16 17:58:17 - watchfiles.main - INFO - 1 change detected
2025-03-16 17:58:17 - watchfiles.main - INFO - 1 change detected
2025-03-16 17:58:18 - watchfiles.main - INFO - 1 change detected
2025-03-16 17:58:18 - watchfiles.main - INFO - 1 change detected
2025-03-16 17:58:19 - watchfiles.main - INFO - 1 change detected
2025-03-16 17:58:19 - watchfiles.main - INFO - 1 change detected
2025-03-16 17:58:19 - uvicorn.error - ERROR - Exception in ASGI application
Traceback (most recent call last):
  File "C:\Users\mohe_2004\Documents\github\FTP-server+ap\server\venv\Lib\site-packages\uvicorn\protocols\http\httptools_impl.py", line 409, in run_asgi
    result = await app(  # type: ignore[func-returns-value]
             ^^^^^^^^^^^^^^^^^^^^^^^^^^^^^^^^^^^^^^^^^^^^^^
  File "C:\Users\mohe_2004\Documents\github\FTP-server+ap\server\venv\Lib\site-packages\uvicorn\middleware\proxy_headers.py", line 60, in __call__
    return await self.app(scope, receive, send)
           ^^^^^^^^^^^^^^^^^^^^^^^^^^^^^^^^^^^^
  File "C:\Users\mohe_2004\Documents\github\FTP-server+ap\server\venv\Lib\site-packages\fastapi\applications.py", line 1054, in __call__
    await super().__call__(scope, receive, send)
  File "C:\Users\mohe_2004\Documents\github\FTP-server+ap\server\venv\Lib\site-packages\starlette\applications.py", line 112, in __call__
    await self.middleware_stack(scope, receive, send)
  File "C:\Users\mohe_2004\Documents\github\FTP-server+ap\server\venv\Lib\site-packages\starlette\middleware\errors.py", line 187, in __call__
    raise exc
  File "C:\Users\mohe_2004\Documents\github\FTP-server+ap\server\venv\Lib\site-packages\starlette\middleware\errors.py", line 165, in __call__
    await self.app(scope, receive, _send)
  File "C:\Users\mohe_2004\Documents\github\FTP-server+ap\server\venv\Lib\site-packages\starlette\middleware\cors.py", line 93, in __call__
    await self.simple_response(scope, receive, send, request_headers=headers)
  File "C:\Users\mohe_2004\Documents\github\FTP-server+ap\server\venv\Lib\site-packages\starlette\middleware\cors.py", line 144, in simple_response
    await self.app(scope, receive, send)
  File "C:\Users\mohe_2004\Documents\github\FTP-server+ap\server\venv\Lib\site-packages\starlette\middleware\exceptions.py", line 62, in __call__
    await wrap_app_handling_exceptions(self.app, conn)(scope, receive, send)
  File "C:\Users\mohe_2004\Documents\github\FTP-server+ap\server\venv\Lib\site-packages\starlette\_exception_handler.py", line 53, in wrapped_app
    raise exc
  File "C:\Users\mohe_2004\Documents\github\FTP-server+ap\server\venv\Lib\site-packages\starlette\_exception_handler.py", line 42, in wrapped_app
    await app(scope, receive, sender)
  File "C:\Users\mohe_2004\Documents\github\FTP-server+ap\server\venv\Lib\site-packages\starlette\routing.py", line 714, in __call__
    await self.middleware_stack(scope, receive, send)
  File "C:\Users\mohe_2004\Documents\github\FTP-server+ap\server\venv\Lib\site-packages\starlette\routing.py", line 734, in app
    await route.handle(scope, receive, send)
  File "C:\Users\mohe_2004\Documents\github\FTP-server+ap\server\venv\Lib\site-packages\starlette\routing.py", line 288, in handle
    await self.app(scope, receive, send)
  File "C:\Users\mohe_2004\Documents\github\FTP-server+ap\server\venv\Lib\site-packages\starlette\routing.py", line 76, in app
    await wrap_app_handling_exceptions(app, request)(scope, receive, send)
  File "C:\Users\mohe_2004\Documents\github\FTP-server+ap\server\venv\Lib\site-packages\starlette\_exception_handler.py", line 53, in wrapped_app
    raise exc
  File "C:\Users\mohe_2004\Documents\github\FTP-server+ap\server\venv\Lib\site-packages\starlette\_exception_handler.py", line 42, in wrapped_app
    await app(scope, receive, sender)
  File "C:\Users\mohe_2004\Documents\github\FTP-server+ap\server\venv\Lib\site-packages\starlette\routing.py", line 73, in app
    response = await f(request)
               ^^^^^^^^^^^^^^^^
  File "C:\Users\mohe_2004\Documents\github\FTP-server+ap\server\venv\Lib\site-packages\fastapi\routing.py", line 301, in app
    raw_response = await run_endpoint_function(
                   ^^^^^^^^^^^^^^^^^^^^^^^^^^^^
  File "C:\Users\mohe_2004\Documents\github\FTP-server+ap\server\venv\Lib\site-packages\fastapi\routing.py", line 212, in run_endpoint_function
    return await dependant.call(**values)
           ^^^^^^^^^^^^^^^^^^^^^^^^^^^^^^
  File "C:\Users\mohe_2004\Documents\github\FTP-server+ap\server\routes\auth.py", line 25, in login
    cursor.execute("SELECT hash_password, home_dir, user_id, group_id FROM User WHERE username = ?", (username,))
sqlite3.OperationalError: no such table: User
2025-03-16 17:58:19 - watchfiles.main - INFO - 1 change detected
2025-03-16 17:58:20 - watchfiles.main - INFO - 1 change detected
2025-03-16 17:58:20 - watchfiles.main - INFO - 1 change detected
2025-03-16 17:58:21 - watchfiles.main - INFO - 1 change detected
2025-03-16 17:58:21 - watchfiles.main - INFO - 1 change detected
2025-03-16 17:58:21 - watchfiles.main - INFO - 1 change detected
2025-03-16 17:58:22 - watchfiles.main - INFO - 1 change detected
2025-03-16 17:58:22 - watchfiles.main - INFO - 1 change detected
2025-03-16 17:58:23 - watchfiles.main - INFO - 1 change detected
2025-03-16 17:58:23 - watchfiles.main - INFO - 1 change detected
2025-03-16 17:58:23 - watchfiles.main - INFO - 1 change detected
2025-03-16 17:58:24 - watchfiles.main - INFO - 1 change detected
2025-03-16 17:58:24 - watchfiles.main - INFO - 1 change detected
2025-03-16 17:58:25 - watchfiles.main - INFO - 1 change detected
2025-03-16 17:58:25 - watchfiles.main - INFO - 1 change detected
2025-03-16 17:58:25 - watchfiles.main - INFO - 1 change detected
2025-03-16 17:58:26 - watchfiles.main - INFO - 1 change detected
2025-03-16 17:58:26 - watchfiles.main - INFO - 1 change detected
2025-03-16 17:58:27 - watchfiles.main - INFO - 1 change detected
2025-03-16 17:58:27 - watchfiles.main - INFO - 1 change detected
2025-03-16 17:58:27 - watchfiles.main - INFO - 1 change detected
2025-03-16 17:58:28 - watchfiles.main - INFO - 1 change detected
2025-03-16 17:58:28 - watchfiles.main - INFO - 1 change detected
2025-03-16 17:58:28 - watchfiles.main - INFO - 1 change detected
2025-03-16 17:58:29 - watchfiles.main - INFO - 1 change detected
2025-03-16 17:58:29 - watchfiles.main - INFO - 1 change detected
2025-03-16 17:58:30 - watchfiles.main - INFO - 1 change detected
2025-03-16 17:58:30 - watchfiles.main - INFO - 1 change detected
2025-03-16 17:58:31 - watchfiles.main - INFO - 1 change detected
2025-03-16 17:58:31 - watchfiles.main - INFO - 1 change detected
2025-03-16 17:58:31 - watchfiles.main - INFO - 1 change detected
2025-03-16 17:58:32 - watchfiles.main - INFO - 1 change detected
2025-03-16 17:58:32 - watchfiles.main - INFO - 1 change detected
2025-03-16 17:58:33 - watchfiles.main - INFO - 1 change detected
2025-03-16 17:58:33 - watchfiles.main - INFO - 1 change detected
2025-03-16 17:58:33 - watchfiles.main - INFO - 1 change detected
2025-03-16 17:58:34 - watchfiles.main - INFO - 1 change detected
2025-03-16 17:58:34 - watchfiles.main - INFO - 1 change detected
2025-03-16 17:58:35 - watchfiles.main - INFO - 1 change detected
2025-03-16 17:58:35 - watchfiles.main - INFO - 1 change detected
2025-03-16 17:58:35 - watchfiles.main - INFO - 1 change detected
2025-03-16 17:58:36 - watchfiles.main - INFO - 1 change detected
2025-03-16 17:58:36 - watchfiles.main - INFO - 1 change detected
2025-03-16 17:58:37 - watchfiles.main - INFO - 1 change detected
2025-03-16 17:58:37 - watchfiles.main - INFO - 1 change detected
2025-03-16 17:58:37 - watchfiles.main - INFO - 1 change detected
2025-03-16 17:58:38 - watchfiles.main - INFO - 1 change detected
2025-03-16 17:58:38 - watchfiles.main - INFO - 1 change detected
2025-03-16 17:58:39 - watchfiles.main - INFO - 1 change detected
2025-03-16 17:58:39 - watchfiles.main - INFO - 1 change detected
2025-03-16 17:58:39 - watchfiles.main - INFO - 1 change detected
2025-03-16 17:58:40 - watchfiles.main - INFO - 1 change detected
2025-03-16 17:58:40 - watchfiles.main - INFO - 1 change detected
2025-03-16 17:58:41 - watchfiles.main - INFO - 1 change detected
2025-03-16 17:58:41 - watchfiles.main - INFO - 1 change detected
2025-03-16 17:58:41 - watchfiles.main - INFO - 1 change detected
2025-03-16 17:58:42 - watchfiles.main - INFO - 1 change detected
2025-03-16 17:58:42 - watchfiles.main - INFO - 1 change detected
2025-03-16 17:58:43 - watchfiles.main - INFO - 1 change detected
2025-03-16 17:58:43 - watchfiles.main - INFO - 1 change detected
2025-03-16 17:58:45 - watchfiles.main - INFO - 1 change detected
2025-03-16 17:58:45 - uvicorn.error - WARNING - WatchFiles detected changes in 'main.py'. Reloading...
2025-03-16 17:58:45 - uvicorn.error - INFO - Shutting down
2025-03-16 17:58:46 - uvicorn.error - INFO - Waiting for application shutdown.
2025-03-16 17:58:46 - uvicorn.error - INFO - Application shutdown complete.
2025-03-16 17:58:46 - uvicorn.error - INFO - Finished server process [11732]
2025-03-16 17:58:46 - watchfiles.main - INFO - 6 changes detected
2025-03-16 17:58:46 - uvicorn.error - INFO - Started server process [2992]
2025-03-16 17:58:46 - uvicorn.error - INFO - Waiting for application startup.
2025-03-16 17:58:46 - uvicorn.error - INFO - Application startup complete.
2025-03-16 17:58:48 - watchfiles.main - INFO - 1 change detected
2025-03-16 17:58:48 - uvicorn.error - WARNING - WatchFiles detected changes in 'main.py'. Reloading...
2025-03-16 17:58:48 - uvicorn.error - INFO - Shutting down
2025-03-16 17:58:48 - uvicorn.error - INFO - Waiting for application shutdown.
2025-03-16 17:58:48 - uvicorn.error - INFO - Application shutdown complete.
2025-03-16 17:58:48 - uvicorn.error - INFO - Finished server process [2992]
2025-03-16 17:58:48 - watchfiles.main - INFO - 6 changes detected
2025-03-16 17:58:49 - uvicorn.error - INFO - Started server process [17164]
2025-03-16 17:58:49 - uvicorn.error - INFO - Waiting for application startup.
2025-03-16 17:58:49 - uvicorn.error - INFO - Application startup complete.
2025-03-16 17:59:06 - uvicorn.error - ERROR - Exception in ASGI application
Traceback (most recent call last):
  File "C:\Users\mohe_2004\Documents\github\FTP-server+ap\server\venv\Lib\site-packages\uvicorn\protocols\http\httptools_impl.py", line 409, in run_asgi
    result = await app(  # type: ignore[func-returns-value]
             ^^^^^^^^^^^^^^^^^^^^^^^^^^^^^^^^^^^^^^^^^^^^^^
  File "C:\Users\mohe_2004\Documents\github\FTP-server+ap\server\venv\Lib\site-packages\uvicorn\middleware\proxy_headers.py", line 60, in __call__
    return await self.app(scope, receive, send)
           ^^^^^^^^^^^^^^^^^^^^^^^^^^^^^^^^^^^^
  File "C:\Users\mohe_2004\Documents\github\FTP-server+ap\server\venv\Lib\site-packages\fastapi\applications.py", line 1054, in __call__
    await super().__call__(scope, receive, send)
  File "C:\Users\mohe_2004\Documents\github\FTP-server+ap\server\venv\Lib\site-packages\starlette\applications.py", line 112, in __call__
    await self.middleware_stack(scope, receive, send)
  File "C:\Users\mohe_2004\Documents\github\FTP-server+ap\server\venv\Lib\site-packages\starlette\middleware\errors.py", line 187, in __call__
    raise exc
  File "C:\Users\mohe_2004\Documents\github\FTP-server+ap\server\venv\Lib\site-packages\starlette\middleware\errors.py", line 165, in __call__
    await self.app(scope, receive, _send)
  File "C:\Users\mohe_2004\Documents\github\FTP-server+ap\server\venv\Lib\site-packages\starlette\middleware\cors.py", line 93, in __call__
    await self.simple_response(scope, receive, send, request_headers=headers)
  File "C:\Users\mohe_2004\Documents\github\FTP-server+ap\server\venv\Lib\site-packages\starlette\middleware\cors.py", line 144, in simple_response
    await self.app(scope, receive, send)
  File "C:\Users\mohe_2004\Documents\github\FTP-server+ap\server\venv\Lib\site-packages\starlette\middleware\exceptions.py", line 62, in __call__
    await wrap_app_handling_exceptions(self.app, conn)(scope, receive, send)
  File "C:\Users\mohe_2004\Documents\github\FTP-server+ap\server\venv\Lib\site-packages\starlette\_exception_handler.py", line 53, in wrapped_app
    raise exc
  File "C:\Users\mohe_2004\Documents\github\FTP-server+ap\server\venv\Lib\site-packages\starlette\_exception_handler.py", line 42, in wrapped_app
    await app(scope, receive, sender)
  File "C:\Users\mohe_2004\Documents\github\FTP-server+ap\server\venv\Lib\site-packages\starlette\routing.py", line 714, in __call__
    await self.middleware_stack(scope, receive, send)
  File "C:\Users\mohe_2004\Documents\github\FTP-server+ap\server\venv\Lib\site-packages\starlette\routing.py", line 734, in app
    await route.handle(scope, receive, send)
  File "C:\Users\mohe_2004\Documents\github\FTP-server+ap\server\venv\Lib\site-packages\starlette\routing.py", line 288, in handle
    await self.app(scope, receive, send)
  File "C:\Users\mohe_2004\Documents\github\FTP-server+ap\server\venv\Lib\site-packages\starlette\routing.py", line 76, in app
    await wrap_app_handling_exceptions(app, request)(scope, receive, send)
  File "C:\Users\mohe_2004\Documents\github\FTP-server+ap\server\venv\Lib\site-packages\starlette\_exception_handler.py", line 53, in wrapped_app
    raise exc
  File "C:\Users\mohe_2004\Documents\github\FTP-server+ap\server\venv\Lib\site-packages\starlette\_exception_handler.py", line 42, in wrapped_app
    await app(scope, receive, sender)
  File "C:\Users\mohe_2004\Documents\github\FTP-server+ap\server\venv\Lib\site-packages\starlette\routing.py", line 73, in app
    response = await f(request)
               ^^^^^^^^^^^^^^^^
  File "C:\Users\mohe_2004\Documents\github\FTP-server+ap\server\venv\Lib\site-packages\fastapi\routing.py", line 301, in app
    raw_response = await run_endpoint_function(
                   ^^^^^^^^^^^^^^^^^^^^^^^^^^^^
  File "C:\Users\mohe_2004\Documents\github\FTP-server+ap\server\venv\Lib\site-packages\fastapi\routing.py", line 212, in run_endpoint_function
    return await dependant.call(**values)
           ^^^^^^^^^^^^^^^^^^^^^^^^^^^^^^
  File "C:\Users\mohe_2004\Documents\github\FTP-server+ap\server\routes\auth.py", line 25, in login
    cursor.execute("SELECT hash_password, home_dir, user_id, group_id FROM User WHERE username = ?", (username,))
sqlite3.OperationalError: no such table: User
2025-03-16 17:59:12 - watchfiles.main - INFO - 1 change detected
2025-03-16 17:59:13 - watchfiles.main - INFO - 1 change detected
2025-03-16 17:59:13 - watchfiles.main - INFO - 1 change detected
2025-03-16 17:59:14 - watchfiles.main - INFO - 1 change detected
2025-03-16 17:59:14 - watchfiles.main - INFO - 1 change detected
2025-03-16 17:59:14 - watchfiles.main - INFO - 1 change detected
2025-03-16 17:59:15 - watchfiles.main - INFO - 1 change detected
2025-03-16 17:59:15 - watchfiles.main - INFO - 1 change detected
2025-03-16 17:59:16 - watchfiles.main - INFO - 1 change detected
2025-03-16 17:59:16 - watchfiles.main - INFO - 1 change detected
2025-03-16 17:59:16 - watchfiles.main - INFO - 1 change detected
2025-03-16 17:59:17 - watchfiles.main - INFO - 1 change detected
2025-03-16 17:59:17 - watchfiles.main - INFO - 1 change detected
2025-03-16 17:59:18 - watchfiles.main - INFO - 1 change detected
2025-03-16 17:59:18 - watchfiles.main - INFO - 1 change detected
2025-03-16 17:59:18 - watchfiles.main - INFO - 1 change detected
2025-03-16 17:59:19 - watchfiles.main - INFO - 1 change detected
2025-03-16 17:59:19 - watchfiles.main - INFO - 1 change detected
2025-03-16 17:59:20 - watchfiles.main - INFO - 1 change detected
2025-03-16 17:59:20 - watchfiles.main - INFO - 1 change detected
2025-03-16 17:59:20 - watchfiles.main - INFO - 1 change detected
2025-03-16 17:59:21 - watchfiles.main - INFO - 1 change detected
2025-03-16 17:59:21 - watchfiles.main - INFO - 1 change detected
2025-03-16 17:59:22 - watchfiles.main - INFO - 1 change detected
2025-03-16 17:59:22 - watchfiles.main - INFO - 1 change detected
2025-03-16 17:59:22 - watchfiles.main - INFO - 1 change detected
2025-03-16 17:59:23 - watchfiles.main - INFO - 1 change detected
2025-03-16 17:59:23 - watchfiles.main - INFO - 1 change detected
2025-03-16 17:59:24 - watchfiles.main - INFO - 1 change detected
2025-03-16 17:59:24 - watchfiles.main - INFO - 1 change detected
2025-03-16 17:59:24 - watchfiles.main - INFO - 1 change detected
2025-03-16 17:59:25 - watchfiles.main - INFO - 1 change detected
2025-03-16 17:59:25 - watchfiles.main - INFO - 1 change detected
2025-03-16 17:59:26 - watchfiles.main - INFO - 1 change detected
2025-03-16 17:59:26 - watchfiles.main - INFO - 1 change detected
2025-03-16 17:59:26 - watchfiles.main - INFO - 1 change detected
2025-03-16 17:59:27 - watchfiles.main - INFO - 1 change detected
2025-03-16 17:59:27 - watchfiles.main - INFO - 1 change detected
2025-03-16 17:59:28 - watchfiles.main - INFO - 1 change detected
2025-03-16 17:59:28 - watchfiles.main - INFO - 1 change detected
2025-03-16 17:59:28 - watchfiles.main - INFO - 1 change detected
2025-03-16 17:59:29 - watchfiles.main - INFO - 1 change detected
2025-03-16 17:59:29 - watchfiles.main - INFO - 1 change detected
2025-03-16 17:59:30 - watchfiles.main - INFO - 1 change detected
2025-03-16 17:59:30 - watchfiles.main - INFO - 1 change detected
2025-03-16 17:59:30 - watchfiles.main - INFO - 1 change detected
2025-03-16 17:59:31 - watchfiles.main - INFO - 1 change detected
2025-03-16 17:59:31 - watchfiles.main - INFO - 1 change detected
2025-03-16 17:59:32 - watchfiles.main - INFO - 1 change detected
2025-03-16 17:59:32 - watchfiles.main - INFO - 1 change detected
2025-03-16 17:59:32 - watchfiles.main - INFO - 1 change detected
2025-03-16 17:59:33 - watchfiles.main - INFO - 1 change detected
2025-03-16 17:59:33 - watchfiles.main - INFO - 1 change detected
2025-03-16 17:59:34 - watchfiles.main - INFO - 1 change detected
2025-03-16 17:59:34 - watchfiles.main - INFO - 1 change detected
2025-03-16 17:59:34 - watchfiles.main - INFO - 1 change detected
2025-03-16 17:59:35 - watchfiles.main - INFO - 1 change detected
2025-03-16 17:59:35 - watchfiles.main - INFO - 1 change detected
2025-03-16 17:59:36 - watchfiles.main - INFO - 1 change detected
2025-03-16 17:59:36 - watchfiles.main - INFO - 1 change detected
2025-03-16 17:59:36 - watchfiles.main - INFO - 1 change detected
2025-03-16 17:59:37 - watchfiles.main - INFO - 1 change detected
2025-03-16 17:59:37 - watchfiles.main - INFO - 1 change detected
2025-03-16 17:59:38 - watchfiles.main - INFO - 1 change detected
2025-03-16 17:59:38 - watchfiles.main - INFO - 1 change detected
2025-03-16 17:59:38 - watchfiles.main - INFO - 1 change detected
2025-03-16 17:59:39 - watchfiles.main - INFO - 1 change detected
2025-03-16 17:59:39 - watchfiles.main - INFO - 1 change detected
2025-03-16 17:59:40 - watchfiles.main - INFO - 1 change detected
2025-03-16 17:59:40 - watchfiles.main - INFO - 1 change detected
2025-03-16 17:59:40 - watchfiles.main - INFO - 1 change detected
2025-03-16 17:59:41 - watchfiles.main - INFO - 1 change detected
2025-03-16 17:59:41 - watchfiles.main - INFO - 1 change detected
2025-03-16 17:59:42 - watchfiles.main - INFO - 1 change detected
2025-03-16 17:59:42 - watchfiles.main - INFO - 1 change detected
2025-03-16 17:59:42 - watchfiles.main - INFO - 1 change detected
2025-03-16 17:59:43 - watchfiles.main - INFO - 1 change detected
2025-03-16 17:59:43 - watchfiles.main - INFO - 1 change detected
2025-03-16 17:59:44 - watchfiles.main - INFO - 1 change detected
2025-03-16 17:59:44 - watchfiles.main - INFO - 1 change detected
2025-03-16 17:59:44 - watchfiles.main - INFO - 1 change detected
2025-03-16 17:59:45 - watchfiles.main - INFO - 1 change detected
2025-03-16 17:59:45 - watchfiles.main - INFO - 1 change detected
2025-03-16 17:59:46 - watchfiles.main - INFO - 1 change detected
2025-03-16 17:59:46 - watchfiles.main - INFO - 1 change detected
2025-03-16 17:59:46 - watchfiles.main - INFO - 1 change detected
2025-03-16 17:59:47 - watchfiles.main - INFO - 1 change detected
2025-03-16 17:59:47 - watchfiles.main - INFO - 1 change detected
2025-03-16 17:59:48 - watchfiles.main - INFO - 1 change detected
2025-03-16 17:59:48 - watchfiles.main - INFO - 1 change detected
2025-03-16 17:59:48 - watchfiles.main - INFO - 1 change detected
2025-03-16 17:59:49 - watchfiles.main - INFO - 1 change detected
2025-03-16 17:59:49 - watchfiles.main - INFO - 1 change detected
2025-03-16 17:59:50 - watchfiles.main - INFO - 1 change detected
2025-03-16 17:59:50 - watchfiles.main - INFO - 1 change detected
2025-03-16 17:59:50 - watchfiles.main - INFO - 1 change detected
2025-03-16 17:59:51 - watchfiles.main - INFO - 1 change detected
2025-03-16 17:59:51 - watchfiles.main - INFO - 1 change detected
2025-03-16 17:59:51 - watchfiles.main - INFO - 1 change detected
2025-03-16 17:59:52 - watchfiles.main - INFO - 1 change detected
2025-03-16 17:59:52 - watchfiles.main - INFO - 1 change detected
2025-03-16 17:59:53 - watchfiles.main - INFO - 1 change detected
2025-03-16 17:59:53 - watchfiles.main - INFO - 1 change detected
2025-03-16 17:59:53 - watchfiles.main - INFO - 1 change detected
2025-03-16 17:59:54 - watchfiles.main - INFO - 1 change detected
2025-03-16 17:59:54 - watchfiles.main - INFO - 1 change detected
2025-03-16 17:59:55 - watchfiles.main - INFO - 1 change detected
2025-03-16 17:59:55 - watchfiles.main - INFO - 1 change detected
2025-03-16 17:59:55 - watchfiles.main - INFO - 1 change detected
2025-03-16 17:59:56 - watchfiles.main - INFO - 1 change detected
2025-03-16 17:59:56 - watchfiles.main - INFO - 1 change detected
2025-03-16 17:59:57 - watchfiles.main - INFO - 1 change detected
2025-03-16 17:59:57 - watchfiles.main - INFO - 1 change detected
2025-03-16 17:59:57 - watchfiles.main - INFO - 1 change detected
2025-03-16 17:59:58 - watchfiles.main - INFO - 1 change detected
2025-03-16 17:59:58 - watchfiles.main - INFO - 1 change detected
2025-03-16 17:59:59 - watchfiles.main - INFO - 1 change detected
2025-03-16 17:59:59 - watchfiles.main - INFO - 1 change detected
2025-03-16 17:59:59 - watchfiles.main - INFO - 1 change detected
2025-03-16 18:00:00 - watchfiles.main - INFO - 1 change detected
2025-03-16 18:00:00 - watchfiles.main - INFO - 1 change detected
2025-03-16 18:00:00 - watchfiles.main - INFO - 1 change detected
2025-03-16 18:00:01 - watchfiles.main - INFO - 1 change detected
2025-03-16 18:00:01 - watchfiles.main - INFO - 2 changes detected
2025-03-16 18:00:01 - uvicorn.error - WARNING - WatchFiles detected changes in 'main.py'. Reloading...
2025-03-16 18:00:01 - uvicorn.error - INFO - Shutting down
2025-03-16 18:00:01 - uvicorn.error - INFO - Waiting for application shutdown.
2025-03-16 18:00:01 - uvicorn.error - INFO - Application shutdown complete.
2025-03-16 18:00:01 - uvicorn.error - INFO - Finished server process [17164]
2025-03-16 18:00:02 - watchfiles.main - INFO - 1 change detected
2025-03-16 18:00:09 - watchfiles.main - INFO - 1 change detected
2025-03-16 18:00:09 - uvicorn.error - WARNING - WatchFiles detected changes in 'main.py'. Reloading...
2025-03-16 18:00:09 - watchfiles.main - INFO - 5 changes detected
2025-03-16 18:00:09 - uvicorn.error - INFO - Started server process [20476]
2025-03-16 18:00:09 - uvicorn.error - INFO - Waiting for application startup.
2025-03-16 18:00:09 - uvicorn.error - INFO - Application startup complete.
2025-03-16 18:00:16 - watchfiles.main - INFO - 1 change detected
2025-03-16 18:00:16 - watchfiles.main - INFO - 1 change detected
2025-03-16 18:00:16 - watchfiles.main - INFO - 1 change detected
2025-03-16 18:00:17 - watchfiles.main - INFO - 1 change detected
2025-03-16 18:00:17 - watchfiles.main - INFO - 1 change detected
2025-03-16 18:00:17 - watchfiles.main - INFO - 1 change detected
2025-03-16 18:00:17 - uvicorn.error - WARNING - WatchFiles detected changes in 'main.py'. Reloading...
2025-03-16 18:00:18 - uvicorn.error - INFO - Shutting down
2025-03-16 18:00:18 - uvicorn.error - INFO - Waiting for application shutdown.
2025-03-16 18:00:18 - uvicorn.error - INFO - Application shutdown complete.
2025-03-16 18:00:18 - uvicorn.error - INFO - Finished server process [20476]
2025-03-16 18:00:18 - watchfiles.main - INFO - 6 changes detected
2025-03-16 18:00:18 - uvicorn.error - INFO - Started server process [13104]
2025-03-16 18:00:18 - uvicorn.error - INFO - Waiting for application startup.
2025-03-16 18:00:18 - uvicorn.error - INFO - Application startup complete.
2025-03-16 18:00:20 - watchfiles.main - INFO - 1 change detected
2025-03-16 18:00:20 - uvicorn.error - WARNING - WatchFiles detected changes in 'main.py'. Reloading...
2025-03-16 18:00:20 - uvicorn.error - INFO - Shutting down
2025-03-16 18:00:20 - uvicorn.error - INFO - Waiting for application shutdown.
2025-03-16 18:00:20 - uvicorn.error - INFO - Application shutdown complete.
2025-03-16 18:00:20 - uvicorn.error - INFO - Finished server process [13104]
2025-03-16 18:00:21 - watchfiles.main - INFO - 6 changes detected
2025-03-16 18:00:21 - uvicorn.error - INFO - Started server process [11276]
2025-03-16 18:00:21 - uvicorn.error - INFO - Waiting for application startup.
2025-03-16 18:00:21 - uvicorn.error - INFO - Application startup complete.
2025-03-16 18:00:23 - watchfiles.main - INFO - 3 changes detected
2025-03-16 18:00:24 - watchfiles.main - INFO - 3 changes detected
2025-03-16 18:00:28 - uvicorn.error - ERROR - Exception in ASGI application
Traceback (most recent call last):
  File "C:\Users\mohe_2004\Documents\github\FTP-server+ap\server\venv\Lib\site-packages\uvicorn\protocols\http\httptools_impl.py", line 409, in run_asgi
    result = await app(  # type: ignore[func-returns-value]
             ^^^^^^^^^^^^^^^^^^^^^^^^^^^^^^^^^^^^^^^^^^^^^^
  File "C:\Users\mohe_2004\Documents\github\FTP-server+ap\server\venv\Lib\site-packages\uvicorn\middleware\proxy_headers.py", line 60, in __call__
    return await self.app(scope, receive, send)
           ^^^^^^^^^^^^^^^^^^^^^^^^^^^^^^^^^^^^
  File "C:\Users\mohe_2004\Documents\github\FTP-server+ap\server\venv\Lib\site-packages\fastapi\applications.py", line 1054, in __call__
    await super().__call__(scope, receive, send)
  File "C:\Users\mohe_2004\Documents\github\FTP-server+ap\server\venv\Lib\site-packages\starlette\applications.py", line 112, in __call__
    await self.middleware_stack(scope, receive, send)
  File "C:\Users\mohe_2004\Documents\github\FTP-server+ap\server\venv\Lib\site-packages\starlette\middleware\errors.py", line 187, in __call__
    raise exc
  File "C:\Users\mohe_2004\Documents\github\FTP-server+ap\server\venv\Lib\site-packages\starlette\middleware\errors.py", line 165, in __call__
    await self.app(scope, receive, _send)
  File "C:\Users\mohe_2004\Documents\github\FTP-server+ap\server\venv\Lib\site-packages\starlette\middleware\cors.py", line 93, in __call__
    await self.simple_response(scope, receive, send, request_headers=headers)
  File "C:\Users\mohe_2004\Documents\github\FTP-server+ap\server\venv\Lib\site-packages\starlette\middleware\cors.py", line 144, in simple_response
    await self.app(scope, receive, send)
  File "C:\Users\mohe_2004\Documents\github\FTP-server+ap\server\venv\Lib\site-packages\starlette\middleware\exceptions.py", line 62, in __call__
    await wrap_app_handling_exceptions(self.app, conn)(scope, receive, send)
  File "C:\Users\mohe_2004\Documents\github\FTP-server+ap\server\venv\Lib\site-packages\starlette\_exception_handler.py", line 53, in wrapped_app
    raise exc
  File "C:\Users\mohe_2004\Documents\github\FTP-server+ap\server\venv\Lib\site-packages\starlette\_exception_handler.py", line 42, in wrapped_app
    await app(scope, receive, sender)
  File "C:\Users\mohe_2004\Documents\github\FTP-server+ap\server\venv\Lib\site-packages\starlette\routing.py", line 714, in __call__
    await self.middleware_stack(scope, receive, send)
  File "C:\Users\mohe_2004\Documents\github\FTP-server+ap\server\venv\Lib\site-packages\starlette\routing.py", line 734, in app
    await route.handle(scope, receive, send)
  File "C:\Users\mohe_2004\Documents\github\FTP-server+ap\server\venv\Lib\site-packages\starlette\routing.py", line 288, in handle
    await self.app(scope, receive, send)
  File "C:\Users\mohe_2004\Documents\github\FTP-server+ap\server\venv\Lib\site-packages\starlette\routing.py", line 76, in app
    await wrap_app_handling_exceptions(app, request)(scope, receive, send)
  File "C:\Users\mohe_2004\Documents\github\FTP-server+ap\server\venv\Lib\site-packages\starlette\_exception_handler.py", line 53, in wrapped_app
    raise exc
  File "C:\Users\mohe_2004\Documents\github\FTP-server+ap\server\venv\Lib\site-packages\starlette\_exception_handler.py", line 42, in wrapped_app
    await app(scope, receive, sender)
  File "C:\Users\mohe_2004\Documents\github\FTP-server+ap\server\venv\Lib\site-packages\starlette\routing.py", line 73, in app
    response = await f(request)
               ^^^^^^^^^^^^^^^^
  File "C:\Users\mohe_2004\Documents\github\FTP-server+ap\server\venv\Lib\site-packages\fastapi\routing.py", line 301, in app
    raw_response = await run_endpoint_function(
                   ^^^^^^^^^^^^^^^^^^^^^^^^^^^^
  File "C:\Users\mohe_2004\Documents\github\FTP-server+ap\server\venv\Lib\site-packages\fastapi\routing.py", line 212, in run_endpoint_function
    return await dependant.call(**values)
           ^^^^^^^^^^^^^^^^^^^^^^^^^^^^^^
  File "C:\Users\mohe_2004\Documents\github\FTP-server+ap\server\routes\auth.py", line 42, in login
    logger("erorr", "Invalid credentials")
TypeError: 'Logger' object is not callable
2025-03-16 18:00:58 - watchfiles.main - INFO - 1 change detected
2025-03-16 18:00:58 - watchfiles.main - INFO - 1 change detected
2025-03-16 18:00:59 - watchfiles.main - INFO - 1 change detected
2025-03-16 18:00:59 - watchfiles.main - INFO - 1 change detected
2025-03-16 18:01:00 - watchfiles.main - INFO - 1 change detected
2025-03-16 18:01:00 - watchfiles.main - INFO - 1 change detected
2025-03-16 18:01:00 - watchfiles.main - INFO - 1 change detected
2025-03-16 18:01:01 - watchfiles.main - INFO - 1 change detected
2025-03-16 18:01:01 - uvicorn.error - WARNING - WatchFiles detected changes in 'routes\auth.py'. Reloading...
2025-03-16 18:01:01 - uvicorn.error - INFO - Shutting down
2025-03-16 18:01:01 - uvicorn.error - INFO - Waiting for application shutdown.
2025-03-16 18:01:01 - uvicorn.error - INFO - Application shutdown complete.
2025-03-16 18:01:01 - uvicorn.error - INFO - Finished server process [11276]
2025-03-16 18:01:01 - watchfiles.main - INFO - 1 change detected
2025-03-16 18:01:02 - uvicorn.error - INFO - Started server process [9024]
2025-03-16 18:01:02 - uvicorn.error - INFO - Waiting for application startup.
2025-03-16 18:01:02 - uvicorn.error - INFO - Application startup complete.
2025-03-16 18:01:02 - watchfiles.main - INFO - 5 changes detected
2025-03-16 18:01:02 - watchfiles.main - INFO - 1 change detected
2025-03-16 18:01:02 - watchfiles.main - INFO - 2 changes detected
2025-03-16 18:01:02 - uvicorn.error - WARNING - WatchFiles detected changes in 'routes\auth.py'. Reloading...
2025-03-16 18:01:03 - uvicorn.error - INFO - Shutting down
2025-03-16 18:01:03 - uvicorn.error - INFO - Waiting for application shutdown.
2025-03-16 18:01:03 - uvicorn.error - INFO - Application shutdown complete.
2025-03-16 18:01:03 - uvicorn.error - INFO - Finished server process [9024]
2025-03-16 18:01:03 - watchfiles.main - INFO - 1 change detected
2025-03-16 18:01:03 - uvicorn.error - INFO - Started server process [2992]
2025-03-16 18:01:03 - uvicorn.error - INFO - Waiting for application startup.
2025-03-16 18:01:03 - uvicorn.error - INFO - Application startup complete.
2025-03-16 18:01:04 - watchfiles.main - INFO - 5 changes detected
2025-03-16 18:01:05 - watchfiles.main - INFO - 1 change detected
2025-03-16 18:01:05 - uvicorn.error - WARNING - WatchFiles detected changes in 'routes\auth.py'. Reloading...
2025-03-16 18:01:05 - uvicorn.error - INFO - Shutting down
2025-03-16 18:01:05 - uvicorn.error - INFO - Waiting for application shutdown.
2025-03-16 18:01:05 - uvicorn.error - INFO - Application shutdown complete.
2025-03-16 18:01:05 - uvicorn.error - INFO - Finished server process [2992]
2025-03-16 18:01:05 - watchfiles.main - INFO - 1 change detected
2025-03-16 18:01:06 - uvicorn.error - INFO - Started server process [12096]
2025-03-16 18:01:06 - uvicorn.error - INFO - Waiting for application startup.
2025-03-16 18:01:06 - uvicorn.error - INFO - Application startup complete.
2025-03-16 18:01:06 - watchfiles.main - INFO - 5 changes detected
2025-03-16 18:01:06 - watchfiles.main - INFO - 1 change detected
2025-03-16 18:01:06 - uvicorn.error - WARNING - WatchFiles detected changes in 'routes\auth.py'. Reloading...
2025-03-16 18:01:06 - uvicorn.error - INFO - Shutting down
2025-03-16 18:01:07 - uvicorn.error - INFO - Waiting for application shutdown.
2025-03-16 18:01:07 - uvicorn.error - INFO - Application shutdown complete.
2025-03-16 18:01:07 - uvicorn.error - INFO - Finished server process [12096]
2025-03-16 18:01:07 - watchfiles.main - INFO - 1 change detected
2025-03-16 18:01:07 - uvicorn.error - INFO - Started server process [11016]
2025-03-16 18:01:07 - uvicorn.error - INFO - Waiting for application startup.
2025-03-16 18:01:07 - uvicorn.error - INFO - Application startup complete.
2025-03-16 18:01:07 - watchfiles.main - INFO - 5 changes detected
2025-03-16 18:01:09 - logs.log - INFO - Invalid credentials
2025-03-16 18:01:13 - logs.log - INFO - user logged in
2025-03-16 18:01:29 - watchfiles.main - INFO - 1 change detected
2025-03-16 18:01:29 - watchfiles.main - INFO - 1 change detected
2025-03-16 18:01:30 - watchfiles.main - INFO - 1 change detected
2025-03-16 18:01:30 - watchfiles.main - INFO - 1 change detected
2025-03-16 18:01:30 - watchfiles.main - INFO - 1 change detected
2025-03-16 18:01:31 - watchfiles.main - INFO - 1 change detected
2025-03-16 18:01:31 - watchfiles.main - INFO - 1 change detected
2025-03-16 18:01:32 - watchfiles.main - INFO - 1 change detected
2025-03-16 18:01:32 - watchfiles.main - INFO - 1 change detected
2025-03-16 18:01:32 - watchfiles.main - INFO - 1 change detected
2025-03-16 18:01:33 - watchfiles.main - INFO - 1 change detected
2025-03-16 18:01:33 - watchfiles.main - INFO - 1 change detected
2025-03-16 18:01:33 - watchfiles.main - INFO - 1 change detected
2025-03-16 18:01:34 - watchfiles.main - INFO - 1 change detected
2025-03-16 18:01:34 - watchfiles.main - INFO - 1 change detected
2025-03-16 18:01:35 - watchfiles.main - INFO - 1 change detected
2025-03-16 18:01:35 - watchfiles.main - INFO - 1 change detected
2025-03-16 18:01:35 - watchfiles.main - INFO - 1 change detected
2025-03-16 18:01:36 - watchfiles.main - INFO - 1 change detected
2025-03-16 18:01:36 - watchfiles.main - INFO - 1 change detected
2025-03-16 18:01:36 - watchfiles.main - INFO - 1 change detected
2025-03-16 18:01:37 - watchfiles.main - INFO - 1 change detected
2025-03-16 18:01:37 - watchfiles.main - INFO - 1 change detected
2025-03-16 18:01:38 - watchfiles.main - INFO - 1 change detected
2025-03-16 18:01:38 - watchfiles.main - INFO - 1 change detected
2025-03-16 18:01:38 - watchfiles.main - INFO - 1 change detected
2025-03-16 18:01:39 - watchfiles.main - INFO - 1 change detected
2025-03-16 18:01:39 - watchfiles.main - INFO - 1 change detected
2025-03-16 18:01:40 - watchfiles.main - INFO - 1 change detected
2025-03-16 18:01:40 - watchfiles.main - INFO - 1 change detected
2025-03-16 18:01:40 - watchfiles.main - INFO - 1 change detected
2025-03-16 18:01:41 - watchfiles.main - INFO - 1 change detected
2025-03-16 18:01:41 - watchfiles.main - INFO - 1 change detected
2025-03-16 18:01:42 - watchfiles.main - INFO - 1 change detected
2025-03-16 18:01:42 - watchfiles.main - INFO - 1 change detected
2025-03-16 18:01:42 - watchfiles.main - INFO - 1 change detected
2025-03-16 18:01:43 - watchfiles.main - INFO - 1 change detected
2025-03-16 18:01:43 - watchfiles.main - INFO - 1 change detected
2025-03-16 18:01:44 - watchfiles.main - INFO - 1 change detected
2025-03-16 18:01:44 - watchfiles.main - INFO - 1 change detected
2025-03-16 18:01:44 - watchfiles.main - INFO - 1 change detected
2025-03-16 18:01:45 - watchfiles.main - INFO - 1 change detected
2025-03-16 18:01:45 - watchfiles.main - INFO - 1 change detected
2025-03-16 18:01:46 - watchfiles.main - INFO - 1 change detected
2025-03-16 18:01:46 - watchfiles.main - INFO - 1 change detected
2025-03-16 18:01:46 - watchfiles.main - INFO - 1 change detected
2025-03-16 18:01:47 - watchfiles.main - INFO - 1 change detected
2025-03-16 18:01:47 - watchfiles.main - INFO - 1 change detected
2025-03-16 18:01:48 - watchfiles.main - INFO - 1 change detected
2025-03-16 18:01:48 - watchfiles.main - INFO - 1 change detected
2025-03-16 18:01:48 - watchfiles.main - INFO - 1 change detected
2025-03-16 18:01:49 - watchfiles.main - INFO - 1 change detected
2025-03-16 18:01:49 - watchfiles.main - INFO - 1 change detected
2025-03-16 18:01:50 - watchfiles.main - INFO - 1 change detected
2025-03-16 18:01:50 - watchfiles.main - INFO - 1 change detected
2025-03-16 18:01:50 - watchfiles.main - INFO - 2 changes detected
2025-03-16 18:01:50 - uvicorn.error - WARNING - WatchFiles detected changes in 'main.py'. Reloading...
2025-03-16 18:01:50 - uvicorn.error - INFO - Shutting down
2025-03-16 18:01:50 - uvicorn.error - INFO - Waiting for application shutdown.
2025-03-16 18:01:50 - uvicorn.error - INFO - Application shutdown complete.
2025-03-16 18:01:50 - uvicorn.error - INFO - Finished server process [11016]
2025-03-16 18:01:51 - watchfiles.main - INFO - 6 changes detected
2025-03-16 18:01:51 - uvicorn.error - INFO - Started server process [1592]
2025-03-16 18:01:51 - uvicorn.error - INFO - Waiting for application startup.
2025-03-16 18:01:51 - uvicorn.error - INFO - Application startup complete.
2025-03-16 18:01:55 - watchfiles.main - INFO - 1 change detected
2025-03-16 18:01:55 - watchfiles.main - INFO - 1 change detected
2025-03-16 18:01:56 - watchfiles.main - INFO - 1 change detected
2025-03-16 18:01:56 - watchfiles.main - INFO - 1 change detected
2025-03-16 18:01:56 - watchfiles.main - INFO - 1 change detected
2025-03-16 18:01:57 - watchfiles.main - INFO - 1 change detected
2025-03-16 18:01:57 - watchfiles.main - INFO - 1 change detected
2025-03-16 18:01:58 - watchfiles.main - INFO - 1 change detected
2025-03-16 18:01:58 - watchfiles.main - INFO - 2 changes detected
2025-03-16 18:01:58 - uvicorn.error - WARNING - WatchFiles detected changes in 'routes\auth.py'. Reloading...
2025-03-16 18:01:58 - uvicorn.error - INFO - Shutting down
2025-03-16 18:01:58 - uvicorn.error - INFO - Waiting for application shutdown.
2025-03-16 18:01:58 - uvicorn.error - INFO - Application shutdown complete.
2025-03-16 18:01:58 - uvicorn.error - INFO - Finished server process [1592]
2025-03-16 18:01:59 - watchfiles.main - INFO - 1 change detected
2025-03-16 18:01:59 - watchfiles.main - INFO - 1 change detected
2025-03-16 18:02:00 - watchfiles.main - INFO - 1 change detected
2025-03-16 18:02:00 - watchfiles.main - INFO - 2 changes detected
2025-03-16 18:02:00 - uvicorn.error - WARNING - WatchFiles detected changes in 'routes\auth.py'. Reloading...
2025-03-16 18:02:00 - watchfiles.main - INFO - 1 change detected
2025-03-16 18:02:01 - watchfiles.main - INFO - 1 change detected
2025-03-16 18:02:01 - watchfiles.main - INFO - 1 change detected
2025-03-16 18:02:02 - watchfiles.main - INFO - 1 change detected
2025-03-16 18:02:02 - uvicorn.error - WARNING - WatchFiles detected changes in 'routes\auth.py'. Reloading...
2025-03-16 18:02:02 - watchfiles.main - INFO - 1 change detected
2025-03-16 18:02:02 - watchfiles.main - INFO - 1 change detected
2025-03-16 18:02:03 - watchfiles.main - INFO - 1 change detected
2025-03-16 18:02:03 - watchfiles.main - INFO - 2 changes detected
2025-03-16 18:02:03 - uvicorn.error - WARNING - WatchFiles detected changes in 'routes\auth.py'. Reloading...
2025-03-16 18:02:03 - watchfiles.main - INFO - 1 change detected
2025-03-16 18:02:04 - watchfiles.main - INFO - 6 changes detected
2025-03-16 18:02:04 - watchfiles.main - INFO - 1 change detected
2025-03-16 18:02:05 - watchfiles.main - INFO - 1 change detected
2025-03-16 18:02:05 - watchfiles.main - INFO - 1 change detected
2025-03-16 18:02:05 - watchfiles.main - INFO - 1 change detected
2025-03-16 18:02:06 - watchfiles.main - INFO - 1 change detected
2025-03-16 18:02:06 - watchfiles.main - INFO - 1 change detected
2025-03-16 18:02:07 - watchfiles.main - INFO - 2 changes detected
2025-03-16 18:02:07 - uvicorn.error - WARNING - WatchFiles detected changes in 'routes\auth.py'. Reloading...
2025-03-16 18:02:07 - watchfiles.main - INFO - 1 change detected
2025-03-16 18:02:07 - watchfiles.main - INFO - 6 changes detected
2025-03-16 18:02:08 - watchfiles.main - INFO - 1 change detected
2025-03-16 18:02:08 - watchfiles.main - INFO - 1 change detected
2025-03-16 18:02:08 - watchfiles.main - INFO - 1 change detected
2025-03-16 18:02:09 - watchfiles.main - INFO - 1 change detected
2025-03-16 18:02:09 - watchfiles.main - INFO - 1 change detected
2025-03-16 18:02:09 - watchfiles.main - INFO - 1 change detected
2025-03-16 18:02:10 - watchfiles.main - INFO - 1 change detected
2025-03-16 18:02:10 - watchfiles.main - INFO - 2 changes detected
2025-03-16 18:02:10 - uvicorn.error - WARNING - WatchFiles detected changes in 'routes\auth.py'. Reloading...
2025-03-16 18:02:11 - watchfiles.main - INFO - 1 change detected
2025-03-16 18:02:11 - watchfiles.main - INFO - 1 change detected
2025-03-16 18:02:11 - watchfiles.main - INFO - 1 change detected
2025-03-16 18:02:11 - uvicorn.error - WARNING - WatchFiles detected changes in 'routes\auth.py'. Reloading...
2025-03-16 18:02:12 - watchfiles.main - INFO - 1 change detected
2025-03-16 18:02:12 - watchfiles.main - INFO - 1 change detected
2025-03-16 18:02:12 - watchfiles.main - INFO - 1 change detected
2025-03-16 18:02:13 - watchfiles.main - INFO - 2 changes detected
2025-03-16 18:02:13 - uvicorn.error - WARNING - WatchFiles detected changes in 'routes\auth.py'. Reloading...
2025-03-16 18:02:13 - watchfiles.main - INFO - 1 change detected
2025-03-16 18:02:13 - watchfiles.main - INFO - 6 changes detected
2025-03-16 18:02:14 - watchfiles.main - INFO - 1 change detected
2025-03-16 18:02:14 - watchfiles.main - INFO - 1 change detected
2025-03-16 18:02:15 - watchfiles.main - INFO - 1 change detected
2025-03-16 18:02:15 - watchfiles.main - INFO - 1 change detected
2025-03-16 18:02:15 - watchfiles.main - INFO - 1 change detected
2025-03-16 18:02:16 - watchfiles.main - INFO - 1 change detected
2025-03-16 18:02:16 - watchfiles.main - INFO - 1 change detected
2025-03-16 18:02:17 - watchfiles.main - INFO - 1 change detected
2025-03-16 18:02:17 - watchfiles.main - INFO - 1 change detected
2025-03-16 18:02:17 - watchfiles.main - INFO - 1 change detected
2025-03-16 18:02:18 - watchfiles.main - INFO - 1 change detected
2025-03-16 18:02:18 - watchfiles.main - INFO - 1 change detected
2025-03-16 18:02:19 - watchfiles.main - INFO - 1 change detected
2025-03-16 18:02:19 - watchfiles.main - INFO - 1 change detected
2025-03-16 18:02:19 - watchfiles.main - INFO - 1 change detected
2025-03-16 18:02:20 - watchfiles.main - INFO - 1 change detected
2025-03-16 18:02:20 - watchfiles.main - INFO - 1 change detected
2025-03-16 18:02:23 - watchfiles.main - INFO - 1 change detected
2025-03-16 18:02:23 - watchfiles.main - INFO - 1 change detected
2025-03-16 18:02:24 - watchfiles.main - INFO - 1 change detected
2025-03-16 18:02:24 - watchfiles.main - INFO - 1 change detected
2025-03-16 18:02:24 - watchfiles.main - INFO - 1 change detected
2025-03-16 18:02:25 - watchfiles.main - INFO - 2 changes detected
2025-03-16 18:02:25 - uvicorn.error - WARNING - WatchFiles detected changes in 'routes\auth.py'. Reloading...
2025-03-16 18:02:25 - watchfiles.main - INFO - 1 change detected
2025-03-16 18:02:26 - watchfiles.main - INFO - 6 changes detected
2025-03-16 18:02:26 - watchfiles.main - INFO - 1 change detected
2025-03-16 18:02:26 - watchfiles.main - INFO - 1 change detected
2025-03-16 18:02:27 - watchfiles.main - INFO - 1 change detected
2025-03-16 18:02:27 - watchfiles.main - INFO - 1 change detected
2025-03-16 18:02:27 - watchfiles.main - INFO - 1 change detected
2025-03-16 18:02:28 - watchfiles.main - INFO - 1 change detected
2025-03-16 18:02:28 - watchfiles.main - INFO - 1 change detected
2025-03-16 18:02:29 - watchfiles.main - INFO - 1 change detected
2025-03-16 18:02:29 - watchfiles.main - INFO - 1 change detected
2025-03-16 18:02:29 - watchfiles.main - INFO - 1 change detected
2025-03-16 18:02:30 - watchfiles.main - INFO - 1 change detected
2025-03-16 18:02:30 - watchfiles.main - INFO - 2 changes detected
2025-03-16 18:02:30 - uvicorn.error - WARNING - WatchFiles detected changes in 'routes\auth.py'. Reloading...
2025-03-16 18:02:31 - watchfiles.main - INFO - 1 change detected
2025-03-16 18:02:31 - watchfiles.main - INFO - 6 changes detected
2025-03-16 18:02:31 - watchfiles.main - INFO - 1 change detected
2025-03-16 18:02:32 - watchfiles.main - INFO - 1 change detected
2025-03-16 18:02:32 - watchfiles.main - INFO - 1 change detected
2025-03-16 18:02:33 - watchfiles.main - INFO - 1 change detected
2025-03-16 18:02:33 - watchfiles.main - INFO - 1 change detected
2025-03-16 18:02:33 - watchfiles.main - INFO - 1 change detected
2025-03-16 18:02:34 - watchfiles.main - INFO - 1 change detected
2025-03-16 18:02:34 - watchfiles.main - INFO - 1 change detected
2025-03-16 18:02:35 - watchfiles.main - INFO - 1 change detected
2025-03-16 18:02:35 - watchfiles.main - INFO - 1 change detected
2025-03-16 18:02:35 - watchfiles.main - INFO - 1 change detected
2025-03-16 18:02:36 - watchfiles.main - INFO - 1 change detected
2025-03-16 18:02:36 - watchfiles.main - INFO - 1 change detected
2025-03-16 18:02:37 - watchfiles.main - INFO - 1 change detected
2025-03-16 18:02:37 - watchfiles.main - INFO - 1 change detected
2025-03-16 18:02:37 - watchfiles.main - INFO - 1 change detected
2025-03-16 18:02:38 - watchfiles.main - INFO - 1 change detected
2025-03-16 18:02:38 - watchfiles.main - INFO - 1 change detected
2025-03-16 18:02:39 - watchfiles.main - INFO - 1 change detected
2025-03-16 18:02:39 - watchfiles.main - INFO - 1 change detected
2025-03-16 18:02:40 - watchfiles.main - INFO - 1 change detected
2025-03-16 18:02:40 - watchfiles.main - INFO - 1 change detected
2025-03-16 18:02:40 - watchfiles.main - INFO - 1 change detected
2025-03-16 18:02:41 - watchfiles.main - INFO - 1 change detected
2025-03-16 18:02:41 - watchfiles.main - INFO - 1 change detected
2025-03-16 18:02:42 - watchfiles.main - INFO - 1 change detected
2025-03-16 18:02:42 - watchfiles.main - INFO - 1 change detected
2025-03-16 18:02:42 - watchfiles.main - INFO - 1 change detected
2025-03-16 18:02:43 - watchfiles.main - INFO - 1 change detected
2025-03-16 18:02:43 - watchfiles.main - INFO - 1 change detected
2025-03-16 18:02:44 - watchfiles.main - INFO - 1 change detected
2025-03-16 18:02:44 - watchfiles.main - INFO - 1 change detected
2025-03-16 18:02:44 - watchfiles.main - INFO - 1 change detected
2025-03-16 18:02:45 - watchfiles.main - INFO - 1 change detected
2025-03-16 18:02:45 - watchfiles.main - INFO - 1 change detected
2025-03-16 18:02:46 - watchfiles.main - INFO - 1 change detected
2025-03-16 18:02:46 - watchfiles.main - INFO - 1 change detected
2025-03-16 18:02:46 - watchfiles.main - INFO - 1 change detected
2025-03-16 18:02:47 - watchfiles.main - INFO - 1 change detected
2025-03-16 18:02:47 - watchfiles.main - INFO - 1 change detected
2025-03-16 18:02:48 - watchfiles.main - INFO - 1 change detected
2025-03-16 18:02:48 - watchfiles.main - INFO - 1 change detected
2025-03-16 18:02:48 - watchfiles.main - INFO - 1 change detected
2025-03-16 18:02:49 - watchfiles.main - INFO - 1 change detected
2025-03-16 18:02:49 - watchfiles.main - INFO - 1 change detected
2025-03-16 18:02:50 - watchfiles.main - INFO - 1 change detected
2025-03-16 18:02:50 - watchfiles.main - INFO - 1 change detected
2025-03-16 18:02:50 - watchfiles.main - INFO - 1 change detected
2025-03-16 18:02:51 - watchfiles.main - INFO - 1 change detected
2025-03-16 18:02:51 - watchfiles.main - INFO - 1 change detected
2025-03-16 18:02:52 - watchfiles.main - INFO - 1 change detected
2025-03-16 18:02:52 - watchfiles.main - INFO - 1 change detected
2025-03-16 18:02:52 - watchfiles.main - INFO - 1 change detected
2025-03-16 18:02:53 - watchfiles.main - INFO - 1 change detected
2025-03-16 18:02:53 - watchfiles.main - INFO - 1 change detected
2025-03-16 18:02:54 - watchfiles.main - INFO - 1 change detected
2025-03-16 18:02:54 - watchfiles.main - INFO - 2 changes detected
2025-03-16 18:02:54 - watchfiles.main - INFO - 1 change detected
2025-03-16 18:02:55 - watchfiles.main - INFO - 1 change detected
2025-03-16 18:02:55 - watchfiles.main - INFO - 1 change detected
2025-03-16 18:02:56 - watchfiles.main - INFO - 1 change detected
2025-03-16 18:02:56 - watchfiles.main - INFO - 1 change detected
2025-03-16 18:02:56 - watchfiles.main - INFO - 1 change detected
2025-03-16 18:02:57 - watchfiles.main - INFO - 1 change detected
2025-03-16 18:02:57 - watchfiles.main - INFO - 1 change detected
2025-03-16 18:02:58 - watchfiles.main - INFO - 1 change detected
2025-03-16 18:02:58 - watchfiles.main - INFO - 1 change detected
2025-03-16 18:02:58 - watchfiles.main - INFO - 1 change detected
2025-03-16 18:02:59 - watchfiles.main - INFO - 1 change detected
2025-03-16 18:02:59 - watchfiles.main - INFO - 1 change detected
2025-03-16 18:03:00 - watchfiles.main - INFO - 1 change detected
2025-03-16 18:03:00 - watchfiles.main - INFO - 1 change detected
2025-03-16 18:03:00 - watchfiles.main - INFO - 1 change detected
2025-03-16 18:03:01 - watchfiles.main - INFO - 1 change detected
2025-03-16 18:03:01 - watchfiles.main - INFO - 1 change detected
2025-03-16 18:03:02 - watchfiles.main - INFO - 1 change detected
2025-03-16 18:03:02 - watchfiles.main - INFO - 1 change detected
2025-03-16 18:03:02 - watchfiles.main - INFO - 1 change detected
2025-03-16 18:03:03 - watchfiles.main - INFO - 1 change detected
2025-03-16 18:03:03 - watchfiles.main - INFO - 1 change detected
2025-03-16 18:03:04 - watchfiles.main - INFO - 1 change detected
2025-03-16 18:03:04 - watchfiles.main - INFO - 1 change detected
2025-03-16 18:03:04 - watchfiles.main - INFO - 1 change detected
2025-03-16 18:03:05 - watchfiles.main - INFO - 1 change detected
2025-03-16 18:03:05 - watchfiles.main - INFO - 1 change detected
2025-03-16 18:03:06 - watchfiles.main - INFO - 1 change detected
2025-03-16 18:03:06 - watchfiles.main - INFO - 1 change detected
2025-03-16 18:03:06 - watchfiles.main - INFO - 1 change detected
2025-03-16 18:03:07 - watchfiles.main - INFO - 1 change detected
2025-03-16 18:03:07 - watchfiles.main - INFO - 1 change detected
2025-03-16 18:03:08 - watchfiles.main - INFO - 1 change detected
2025-03-16 18:03:08 - watchfiles.main - INFO - 1 change detected
2025-03-16 18:03:08 - watchfiles.main - INFO - 1 change detected
2025-03-16 18:03:09 - watchfiles.main - INFO - 1 change detected
2025-03-16 18:03:09 - watchfiles.main - INFO - 1 change detected
2025-03-16 18:03:10 - watchfiles.main - INFO - 1 change detected
2025-03-16 18:03:10 - watchfiles.main - INFO - 1 change detected
2025-03-16 18:03:10 - watchfiles.main - INFO - 1 change detected
2025-03-16 18:03:11 - watchfiles.main - INFO - 1 change detected
2025-03-16 18:03:11 - watchfiles.main - INFO - 1 change detected
2025-03-16 18:03:12 - watchfiles.main - INFO - 1 change detected
2025-03-16 18:03:12 - watchfiles.main - INFO - 1 change detected
2025-03-16 18:03:12 - watchfiles.main - INFO - 1 change detected
2025-03-16 18:03:13 - watchfiles.main - INFO - 1 change detected
2025-03-16 18:03:13 - watchfiles.main - INFO - 1 change detected
2025-03-16 18:03:14 - watchfiles.main - INFO - 1 change detected
2025-03-16 18:03:14 - watchfiles.main - INFO - 1 change detected
2025-03-16 18:03:14 - watchfiles.main - INFO - 1 change detected
2025-03-16 18:03:15 - watchfiles.main - INFO - 1 change detected
2025-03-16 18:03:15 - watchfiles.main - INFO - 1 change detected
2025-03-16 18:03:16 - watchfiles.main - INFO - 1 change detected
2025-03-16 18:03:16 - watchfiles.main - INFO - 1 change detected
2025-03-16 18:03:16 - watchfiles.main - INFO - 1 change detected
2025-03-16 18:03:17 - watchfiles.main - INFO - 1 change detected
2025-03-16 18:03:17 - watchfiles.main - INFO - 1 change detected
2025-03-16 18:03:18 - watchfiles.main - INFO - 1 change detected
2025-03-16 18:03:18 - watchfiles.main - INFO - 1 change detected
2025-03-16 18:03:18 - watchfiles.main - INFO - 1 change detected
2025-03-16 18:03:19 - watchfiles.main - INFO - 1 change detected
2025-03-16 18:03:19 - watchfiles.main - INFO - 1 change detected
2025-03-16 18:03:20 - watchfiles.main - INFO - 1 change detected
2025-03-16 18:03:20 - watchfiles.main - INFO - 1 change detected
2025-03-16 18:03:20 - watchfiles.main - INFO - 1 change detected
2025-03-16 18:03:21 - watchfiles.main - INFO - 1 change detected
2025-03-16 18:03:21 - watchfiles.main - INFO - 1 change detected
2025-03-16 18:03:22 - watchfiles.main - INFO - 1 change detected
2025-03-16 18:03:22 - watchfiles.main - INFO - 1 change detected
2025-03-16 18:03:23 - watchfiles.main - INFO - 1 change detected
2025-03-16 18:03:23 - watchfiles.main - INFO - 1 change detected
2025-03-16 18:03:23 - watchfiles.main - INFO - 1 change detected
2025-03-16 18:03:24 - watchfiles.main - INFO - 1 change detected
2025-03-16 18:03:24 - watchfiles.main - INFO - 1 change detected
2025-03-16 18:03:25 - watchfiles.main - INFO - 1 change detected
2025-03-16 18:03:25 - watchfiles.main - INFO - 1 change detected
2025-03-16 18:03:25 - watchfiles.main - INFO - 1 change detected
2025-03-16 18:03:26 - watchfiles.main - INFO - 1 change detected
2025-03-16 18:03:26 - watchfiles.main - INFO - 1 change detected
2025-03-16 18:03:27 - watchfiles.main - INFO - 1 change detected
2025-03-16 18:03:27 - watchfiles.main - INFO - 1 change detected
2025-03-16 18:03:27 - watchfiles.main - INFO - 1 change detected
2025-03-16 18:03:28 - watchfiles.main - INFO - 1 change detected
2025-03-16 18:03:28 - watchfiles.main - INFO - 1 change detected
2025-03-16 18:03:29 - watchfiles.main - INFO - 1 change detected
2025-03-16 18:03:29 - watchfiles.main - INFO - 1 change detected
2025-03-16 18:03:29 - watchfiles.main - INFO - 1 change detected
2025-03-16 18:03:30 - watchfiles.main - INFO - 1 change detected
2025-03-16 18:03:30 - watchfiles.main - INFO - 1 change detected
2025-03-16 18:03:31 - watchfiles.main - INFO - 1 change detected
2025-03-16 18:03:31 - watchfiles.main - INFO - 1 change detected
2025-03-16 18:03:31 - watchfiles.main - INFO - 1 change detected
2025-03-16 18:03:32 - watchfiles.main - INFO - 1 change detected
2025-03-16 18:03:32 - watchfiles.main - INFO - 1 change detected
2025-03-16 18:03:33 - watchfiles.main - INFO - 1 change detected
2025-03-16 18:03:33 - watchfiles.main - INFO - 1 change detected
2025-03-16 18:03:33 - watchfiles.main - INFO - 1 change detected
2025-03-16 18:03:34 - watchfiles.main - INFO - 1 change detected
2025-03-16 18:03:34 - watchfiles.main - INFO - 1 change detected
2025-03-16 18:03:35 - watchfiles.main - INFO - 1 change detected
2025-03-16 18:03:35 - watchfiles.main - INFO - 1 change detected
2025-03-16 18:03:35 - watchfiles.main - INFO - 1 change detected
2025-03-16 18:03:36 - watchfiles.main - INFO - 1 change detected
2025-03-16 18:03:36 - watchfiles.main - INFO - 1 change detected
2025-03-16 18:03:37 - watchfiles.main - INFO - 1 change detected
2025-03-16 18:03:37 - watchfiles.main - INFO - 1 change detected
2025-03-16 18:03:37 - watchfiles.main - INFO - 1 change detected
2025-03-16 18:03:38 - watchfiles.main - INFO - 1 change detected
2025-03-16 18:03:38 - watchfiles.main - INFO - 1 change detected
2025-03-16 18:03:39 - watchfiles.main - INFO - 1 change detected
2025-03-16 18:03:39 - watchfiles.main - INFO - 1 change detected
2025-03-16 18:03:39 - watchfiles.main - INFO - 1 change detected
2025-03-16 18:03:40 - watchfiles.main - INFO - 1 change detected
2025-03-16 18:03:40 - watchfiles.main - INFO - 1 change detected
2025-03-16 18:03:41 - watchfiles.main - INFO - 1 change detected
2025-03-16 18:03:41 - watchfiles.main - INFO - 1 change detected
2025-03-16 18:03:41 - watchfiles.main - INFO - 1 change detected
2025-03-16 18:03:42 - watchfiles.main - INFO - 1 change detected
2025-03-16 18:03:42 - watchfiles.main - INFO - 1 change detected
2025-03-16 18:03:42 - watchfiles.main - INFO - 1 change detected
2025-03-16 18:03:43 - watchfiles.main - INFO - 1 change detected
2025-03-16 18:03:43 - watchfiles.main - INFO - 1 change detected
2025-03-16 18:03:43 - watchfiles.main - INFO - 1 change detected
2025-03-16 18:03:44 - watchfiles.main - INFO - 1 change detected
2025-03-16 18:03:44 - watchfiles.main - INFO - 1 change detected
2025-03-16 18:03:45 - watchfiles.main - INFO - 1 change detected
2025-03-16 18:03:45 - watchfiles.main - INFO - 1 change detected
2025-03-16 18:03:45 - watchfiles.main - INFO - 1 change detected
2025-03-16 18:03:46 - watchfiles.main - INFO - 1 change detected
2025-03-16 18:03:46 - watchfiles.main - INFO - 1 change detected
2025-03-16 18:03:46 - watchfiles.main - INFO - 1 change detected
2025-03-16 18:03:47 - watchfiles.main - INFO - 1 change detected
2025-03-16 18:03:47 - watchfiles.main - INFO - 1 change detected
2025-03-16 18:03:48 - watchfiles.main - INFO - 1 change detected
2025-03-16 18:03:48 - watchfiles.main - INFO - 1 change detected
2025-03-16 18:03:48 - watchfiles.main - INFO - 1 change detected
2025-03-16 18:03:49 - watchfiles.main - INFO - 1 change detected
2025-03-16 18:03:49 - watchfiles.main - INFO - 1 change detected
2025-03-16 18:03:50 - watchfiles.main - INFO - 1 change detected
2025-03-16 18:03:50 - watchfiles.main - INFO - 1 change detected
2025-03-16 18:03:50 - watchfiles.main - INFO - 1 change detected
2025-03-16 18:03:51 - watchfiles.main - INFO - 1 change detected
2025-03-16 18:03:51 - watchfiles.main - INFO - 1 change detected
2025-03-16 18:03:52 - watchfiles.main - INFO - 1 change detected
2025-03-16 18:03:52 - watchfiles.main - INFO - 1 change detected
2025-03-16 18:03:52 - watchfiles.main - INFO - 1 change detected
2025-03-16 18:03:53 - watchfiles.main - INFO - 1 change detected
2025-03-16 18:03:53 - watchfiles.main - INFO - 1 change detected
2025-03-16 18:03:54 - watchfiles.main - INFO - 1 change detected
2025-03-16 18:03:54 - watchfiles.main - INFO - 1 change detected
2025-03-16 18:03:54 - watchfiles.main - INFO - 1 change detected
2025-03-16 18:03:55 - watchfiles.main - INFO - 1 change detected
2025-03-16 18:03:55 - watchfiles.main - INFO - 1 change detected
2025-03-16 18:03:56 - watchfiles.main - INFO - 1 change detected
2025-03-16 18:03:56 - watchfiles.main - INFO - 1 change detected
2025-03-16 18:03:57 - watchfiles.main - INFO - 1 change detected
2025-03-16 18:03:57 - watchfiles.main - INFO - 1 change detected
2025-03-16 18:03:57 - watchfiles.main - INFO - 1 change detected
2025-03-16 18:03:58 - watchfiles.main - INFO - 1 change detected
2025-03-16 18:03:58 - watchfiles.main - INFO - 1 change detected
2025-03-16 18:03:59 - watchfiles.main - INFO - 1 change detected
2025-03-16 18:03:59 - watchfiles.main - INFO - 1 change detected
2025-03-16 18:03:59 - watchfiles.main - INFO - 1 change detected
2025-03-16 18:04:00 - watchfiles.main - INFO - 1 change detected
2025-03-16 18:04:00 - watchfiles.main - INFO - 1 change detected
2025-03-16 18:04:01 - watchfiles.main - INFO - 1 change detected
2025-03-16 18:04:01 - watchfiles.main - INFO - 1 change detected
2025-03-16 18:04:01 - watchfiles.main - INFO - 1 change detected
2025-03-16 18:04:02 - watchfiles.main - INFO - 1 change detected
2025-03-16 18:04:02 - watchfiles.main - INFO - 1 change detected
2025-03-16 18:04:03 - watchfiles.main - INFO - 1 change detected
2025-03-16 18:04:03 - watchfiles.main - INFO - 1 change detected
2025-03-16 18:04:03 - watchfiles.main - INFO - 1 change detected
2025-03-16 18:04:04 - watchfiles.main - INFO - 1 change detected
2025-03-16 18:04:04 - watchfiles.main - INFO - 1 change detected
2025-03-16 18:04:05 - watchfiles.main - INFO - 1 change detected
2025-03-16 18:04:05 - watchfiles.main - INFO - 1 change detected
2025-03-16 18:04:05 - watchfiles.main - INFO - 1 change detected
2025-03-16 18:04:06 - watchfiles.main - INFO - 1 change detected
2025-03-16 18:04:06 - watchfiles.main - INFO - 1 change detected
2025-03-16 18:04:07 - watchfiles.main - INFO - 1 change detected
2025-03-16 18:04:07 - watchfiles.main - INFO - 1 change detected
2025-03-16 18:04:08 - watchfiles.main - INFO - 1 change detected
2025-03-16 18:04:08 - watchfiles.main - INFO - 1 change detected
2025-03-16 18:04:08 - watchfiles.main - INFO - 1 change detected
2025-03-16 18:04:09 - watchfiles.main - INFO - 1 change detected
2025-03-16 18:04:09 - watchfiles.main - INFO - 1 change detected
2025-03-16 18:04:09 - watchfiles.main - INFO - 1 change detected
2025-03-16 18:04:10 - watchfiles.main - INFO - 1 change detected
2025-03-16 18:04:10 - watchfiles.main - INFO - 1 change detected
2025-03-16 18:04:11 - watchfiles.main - INFO - 1 change detected
2025-03-16 18:04:11 - watchfiles.main - INFO - 1 change detected
2025-03-16 18:04:11 - watchfiles.main - INFO - 1 change detected
2025-03-16 18:04:12 - watchfiles.main - INFO - 1 change detected
2025-03-16 18:04:12 - watchfiles.main - INFO - 1 change detected
2025-03-16 18:04:12 - watchfiles.main - INFO - 1 change detected
2025-03-16 18:04:13 - watchfiles.main - INFO - 1 change detected
2025-03-16 18:04:13 - watchfiles.main - INFO - 1 change detected
2025-03-16 18:04:14 - watchfiles.main - INFO - 1 change detected
2025-03-16 18:04:14 - watchfiles.main - INFO - 1 change detected
2025-03-16 18:04:14 - watchfiles.main - INFO - 1 change detected
2025-03-16 18:04:15 - watchfiles.main - INFO - 1 change detected
2025-03-16 18:04:15 - watchfiles.main - INFO - 1 change detected
2025-03-16 18:04:16 - watchfiles.main - INFO - 1 change detected
2025-03-16 18:04:16 - watchfiles.main - INFO - 1 change detected
2025-03-16 18:04:16 - watchfiles.main - INFO - 1 change detected
2025-03-16 18:04:17 - watchfiles.main - INFO - 1 change detected
2025-03-16 18:04:17 - watchfiles.main - INFO - 1 change detected
2025-03-16 18:04:17 - watchfiles.main - INFO - 1 change detected
2025-03-16 18:04:18 - watchfiles.main - INFO - 1 change detected
2025-03-16 18:04:18 - watchfiles.main - INFO - 1 change detected
2025-03-16 18:04:19 - watchfiles.main - INFO - 1 change detected
2025-03-16 18:04:19 - watchfiles.main - INFO - 1 change detected
2025-03-16 18:04:19 - watchfiles.main - INFO - 1 change detected
2025-03-16 18:04:20 - watchfiles.main - INFO - 1 change detected
2025-03-16 18:04:20 - watchfiles.main - INFO - 1 change detected
2025-03-16 18:04:21 - watchfiles.main - INFO - 1 change detected
2025-03-16 18:04:21 - watchfiles.main - INFO - 1 change detected
2025-03-16 18:04:22 - watchfiles.main - INFO - 1 change detected
2025-03-16 18:04:22 - watchfiles.main - INFO - 1 change detected
2025-03-16 18:04:22 - watchfiles.main - INFO - 1 change detected
2025-03-16 18:04:23 - watchfiles.main - INFO - 1 change detected
2025-03-16 18:04:23 - watchfiles.main - INFO - 1 change detected
2025-03-16 18:04:24 - watchfiles.main - INFO - 1 change detected
2025-03-16 18:04:24 - watchfiles.main - INFO - 1 change detected
2025-03-16 18:04:24 - watchfiles.main - INFO - 1 change detected
2025-03-16 18:04:25 - watchfiles.main - INFO - 1 change detected
2025-03-16 18:04:25 - watchfiles.main - INFO - 1 change detected
2025-03-16 18:04:26 - watchfiles.main - INFO - 1 change detected
2025-03-16 18:04:26 - watchfiles.main - INFO - 1 change detected
2025-03-16 18:04:26 - watchfiles.main - INFO - 1 change detected
2025-03-16 18:04:27 - watchfiles.main - INFO - 1 change detected
2025-03-16 18:04:27 - watchfiles.main - INFO - 1 change detected
2025-03-16 18:04:27 - watchfiles.main - INFO - 1 change detected
2025-03-16 18:04:28 - watchfiles.main - INFO - 1 change detected
2025-03-16 18:04:28 - watchfiles.main - INFO - 1 change detected
2025-03-16 18:04:29 - watchfiles.main - INFO - 1 change detected
2025-03-16 18:04:29 - watchfiles.main - INFO - 1 change detected
2025-03-16 18:04:29 - watchfiles.main - INFO - 1 change detected
2025-03-16 18:04:30 - watchfiles.main - INFO - 1 change detected
2025-03-16 18:04:30 - watchfiles.main - INFO - 1 change detected
2025-03-16 18:04:30 - watchfiles.main - INFO - 1 change detected
2025-03-16 18:04:31 - watchfiles.main - INFO - 1 change detected
2025-03-16 18:04:31 - watchfiles.main - INFO - 1 change detected
2025-03-16 18:04:31 - watchfiles.main - INFO - 1 change detected
2025-03-16 18:04:32 - watchfiles.main - INFO - 1 change detected
2025-03-16 18:04:32 - watchfiles.main - INFO - 1 change detected
2025-03-16 18:04:33 - watchfiles.main - INFO - 1 change detected
2025-03-16 18:04:33 - watchfiles.main - INFO - 1 change detected
2025-03-16 18:04:33 - watchfiles.main - INFO - 1 change detected
2025-03-16 18:04:34 - watchfiles.main - INFO - 1 change detected
2025-03-16 18:04:34 - watchfiles.main - INFO - 1 change detected
2025-03-16 18:04:35 - watchfiles.main - INFO - 1 change detected
2025-03-16 18:04:35 - watchfiles.main - INFO - 1 change detected
2025-03-16 18:04:35 - watchfiles.main - INFO - 1 change detected
2025-03-16 18:04:36 - watchfiles.main - INFO - 1 change detected
2025-03-16 18:04:36 - watchfiles.main - INFO - 1 change detected
2025-03-16 18:04:36 - watchfiles.main - INFO - 1 change detected
2025-03-16 18:04:37 - watchfiles.main - INFO - 1 change detected
2025-03-16 18:04:37 - watchfiles.main - INFO - 1 change detected
2025-03-16 18:04:38 - watchfiles.main - INFO - 1 change detected
2025-03-16 18:04:38 - watchfiles.main - INFO - 1 change detected
2025-03-16 18:04:38 - watchfiles.main - INFO - 1 change detected
2025-03-16 18:04:39 - watchfiles.main - INFO - 1 change detected
2025-03-16 18:04:39 - watchfiles.main - INFO - 1 change detected
2025-03-16 18:04:39 - watchfiles.main - INFO - 1 change detected
2025-03-16 18:04:40 - watchfiles.main - INFO - 1 change detected
2025-03-16 18:04:40 - watchfiles.main - INFO - 1 change detected
2025-03-16 18:04:41 - watchfiles.main - INFO - 1 change detected
2025-03-16 18:04:41 - watchfiles.main - INFO - 1 change detected
2025-03-16 18:04:41 - watchfiles.main - INFO - 1 change detected
2025-03-16 18:04:42 - watchfiles.main - INFO - 1 change detected
2025-03-16 18:04:42 - watchfiles.main - INFO - 1 change detected
2025-03-16 18:04:43 - watchfiles.main - INFO - 1 change detected
2025-03-16 18:04:43 - watchfiles.main - INFO - 1 change detected
2025-03-16 18:04:43 - watchfiles.main - INFO - 1 change detected
2025-03-16 18:04:44 - watchfiles.main - INFO - 1 change detected
2025-03-16 18:04:44 - watchfiles.main - INFO - 1 change detected
2025-03-16 18:04:45 - watchfiles.main - INFO - 1 change detected
2025-03-16 18:04:45 - watchfiles.main - INFO - 1 change detected
2025-03-16 18:04:45 - watchfiles.main - INFO - 1 change detected
2025-03-16 18:04:46 - watchfiles.main - INFO - 1 change detected
2025-03-16 18:04:46 - watchfiles.main - INFO - 1 change detected
2025-03-16 18:04:46 - watchfiles.main - INFO - 1 change detected
2025-03-16 18:04:47 - watchfiles.main - INFO - 1 change detected
2025-03-16 18:04:47 - watchfiles.main - INFO - 1 change detected
2025-03-16 18:04:48 - watchfiles.main - INFO - 2 changes detected
2025-03-16 18:04:48 - uvicorn.error - WARNING - WatchFiles detected changes in 'logs\log.py'. Reloading...
2025-03-16 18:04:48 - watchfiles.main - INFO - 1 change detected
2025-03-16 18:04:48 - watchfiles.main - INFO - 1 change detected
2025-03-16 18:04:49 - watchfiles.main - INFO - 1 change detected
2025-03-16 18:04:49 - watchfiles.main - INFO - 2 changes detected
2025-03-16 18:04:49 - uvicorn.error - WARNING - WatchFiles detected changes in 'logs\log.py'. Reloading...
2025-03-16 18:04:50 - watchfiles.main - INFO - 1 change detected
2025-03-16 18:04:50 - watchfiles.main - INFO - 1 change detected
2025-03-16 18:04:50 - watchfiles.main - INFO - 1 change detected
2025-03-16 18:04:51 - watchfiles.main - INFO - 1 change detected
2025-03-16 18:04:51 - watchfiles.main - INFO - 1 change detected
2025-03-16 18:04:51 - watchfiles.main - INFO - 1 change detected
2025-03-16 18:04:52 - watchfiles.main - INFO - 1 change detected
2025-03-16 18:04:52 - watchfiles.main - INFO - 1 change detected
2025-03-16 18:04:53 - watchfiles.main - INFO - 1 change detected
2025-03-16 18:04:53 - watchfiles.main - INFO - 1 change detected
2025-03-16 18:04:53 - watchfiles.main - INFO - 1 change detected
2025-03-16 18:04:54 - watchfiles.main - INFO - 1 change detected
2025-03-16 18:04:54 - watchfiles.main - INFO - 1 change detected
2025-03-16 18:04:55 - watchfiles.main - INFO - 1 change detected
2025-03-16 18:04:55 - watchfiles.main - INFO - 1 change detected
2025-03-16 18:04:55 - watchfiles.main - INFO - 2 changes detected
2025-03-16 18:04:55 - uvicorn.error - WARNING - WatchFiles detected changes in 'logs\log.py'. Reloading...
2025-03-16 18:04:56 - watchfiles.main - INFO - 1 change detected
2025-03-16 18:04:56 - watchfiles.main - INFO - 1 change detected
2025-03-16 18:04:57 - watchfiles.main - INFO - 1 change detected
2025-03-16 18:04:57 - watchfiles.main - INFO - 1 change detected
2025-03-16 18:04:57 - watchfiles.main - INFO - 1 change detected
2025-03-16 18:04:58 - watchfiles.main - INFO - 1 change detected
2025-03-16 18:04:58 - watchfiles.main - INFO - 1 change detected
2025-03-16 18:04:59 - watchfiles.main - INFO - 1 change detected
2025-03-16 18:04:59 - watchfiles.main - INFO - 1 change detected
2025-03-16 18:04:59 - watchfiles.main - INFO - 1 change detected
2025-03-16 18:05:00 - watchfiles.main - INFO - 1 change detected
2025-03-16 18:05:00 - watchfiles.main - INFO - 1 change detected
2025-03-16 18:05:01 - watchfiles.main - INFO - 1 change detected
2025-03-16 18:05:01 - watchfiles.main - INFO - 1 change detected
2025-03-16 18:05:01 - watchfiles.main - INFO - 1 change detected
2025-03-16 18:05:02 - watchfiles.main - INFO - 1 change detected
2025-03-16 18:05:02 - watchfiles.main - INFO - 1 change detected
2025-03-16 18:05:03 - watchfiles.main - INFO - 1 change detected
2025-03-16 18:05:03 - watchfiles.main - INFO - 1 change detected
2025-03-16 18:05:03 - watchfiles.main - INFO - 1 change detected
2025-03-16 18:05:04 - watchfiles.main - INFO - 1 change detected
2025-03-16 18:05:04 - watchfiles.main - INFO - 1 change detected
2025-03-16 18:05:04 - watchfiles.main - INFO - 1 change detected
2025-03-16 18:05:05 - watchfiles.main - INFO - 1 change detected
2025-03-16 18:05:05 - watchfiles.main - INFO - 1 change detected
2025-03-16 18:05:05 - watchfiles.main - INFO - 1 change detected
2025-03-16 18:05:06 - watchfiles.main - INFO - 1 change detected
2025-03-16 18:05:06 - watchfiles.main - INFO - 1 change detected
2025-03-16 18:05:07 - watchfiles.main - INFO - 2 changes detected
2025-03-16 18:05:07 - uvicorn.error - WARNING - WatchFiles detected changes in 'logs\log.py'. Reloading...
2025-03-16 18:05:07 - watchfiles.main - INFO - 1 change detected
2025-03-16 18:05:07 - watchfiles.main - INFO - 1 change detected
2025-03-16 18:05:08 - watchfiles.main - INFO - 1 change detected
2025-03-16 18:05:08 - watchfiles.main - INFO - 1 change detected
2025-03-16 18:05:08 - watchfiles.main - INFO - 1 change detected
2025-03-16 18:05:09 - watchfiles.main - INFO - 1 change detected
2025-03-16 18:05:09 - watchfiles.main - INFO - 1 change detected
2025-03-16 18:05:09 - watchfiles.main - INFO - 1 change detected
2025-03-16 18:05:10 - watchfiles.main - INFO - 1 change detected
2025-03-16 18:05:10 - watchfiles.main - INFO - 1 change detected
2025-03-16 18:05:10 - watchfiles.main - INFO - 1 change detected
2025-03-16 18:05:11 - watchfiles.main - INFO - 1 change detected
2025-03-16 18:05:11 - watchfiles.main - INFO - 1 change detected
2025-03-16 18:05:12 - watchfiles.main - INFO - 1 change detected
2025-03-16 18:05:12 - watchfiles.main - INFO - 1 change detected
2025-03-16 18:05:12 - watchfiles.main - INFO - 1 change detected
2025-03-16 18:05:13 - watchfiles.main - INFO - 1 change detected
2025-03-16 18:05:13 - watchfiles.main - INFO - 1 change detected
2025-03-16 18:05:13 - watchfiles.main - INFO - 1 change detected
2025-03-16 18:05:14 - watchfiles.main - INFO - 1 change detected
2025-03-16 18:05:14 - watchfiles.main - INFO - 1 change detected
2025-03-16 18:05:14 - watchfiles.main - INFO - 1 change detected
2025-03-16 18:05:15 - watchfiles.main - INFO - 1 change detected
2025-03-16 18:05:15 - watchfiles.main - INFO - 1 change detected
2025-03-16 18:05:15 - watchfiles.main - INFO - 1 change detected
2025-03-16 18:05:16 - watchfiles.main - INFO - 1 change detected
2025-03-16 18:05:16 - watchfiles.main - INFO - 1 change detected
2025-03-16 18:05:17 - watchfiles.main - INFO - 1 change detected
2025-03-16 18:05:17 - watchfiles.main - INFO - 1 change detected
2025-03-16 18:05:17 - watchfiles.main - INFO - 1 change detected
2025-03-16 18:05:18 - watchfiles.main - INFO - 1 change detected
2025-03-16 18:05:18 - watchfiles.main - INFO - 1 change detected
2025-03-16 18:05:18 - watchfiles.main - INFO - 1 change detected
2025-03-16 18:05:19 - watchfiles.main - INFO - 1 change detected
2025-03-16 18:05:19 - watchfiles.main - INFO - 1 change detected
2025-03-16 18:05:19 - watchfiles.main - INFO - 1 change detected
2025-03-16 18:05:20 - watchfiles.main - INFO - 1 change detected
2025-03-16 18:05:20 - watchfiles.main - INFO - 1 change detected
2025-03-16 18:05:21 - watchfiles.main - INFO - 3 changes detected
2025-03-16 18:05:21 - watchfiles.main - INFO - 1 change detected
2025-03-16 18:05:21 - watchfiles.main - INFO - 1 change detected
2025-03-16 18:05:22 - watchfiles.main - INFO - 1 change detected
2025-03-16 18:05:22 - watchfiles.main - INFO - 1 change detected
2025-03-16 18:05:22 - watchfiles.main - INFO - 1 change detected
2025-03-16 18:05:23 - watchfiles.main - INFO - 1 change detected
2025-03-16 18:05:23 - watchfiles.main - INFO - 1 change detected
2025-03-16 18:05:23 - watchfiles.main - INFO - 1 change detected
2025-03-16 18:05:24 - watchfiles.main - INFO - 1 change detected
2025-03-16 18:05:24 - watchfiles.main - INFO - 1 change detected
2025-03-16 18:05:24 - watchfiles.main - INFO - 1 change detected
2025-03-16 18:05:25 - watchfiles.main - INFO - 1 change detected
2025-03-16 18:05:25 - watchfiles.main - INFO - 1 change detected
2025-03-16 18:05:26 - watchfiles.main - INFO - 1 change detected
2025-03-16 18:05:26 - watchfiles.main - INFO - 1 change detected
2025-03-16 18:05:26 - watchfiles.main - INFO - 1 change detected
2025-03-16 18:05:27 - watchfiles.main - INFO - 1 change detected
2025-03-16 18:05:27 - watchfiles.main - INFO - 1 change detected
2025-03-16 18:05:27 - watchfiles.main - INFO - 1 change detected
2025-03-16 18:05:28 - watchfiles.main - INFO - 1 change detected
2025-03-16 18:05:28 - watchfiles.main - INFO - 1 change detected
2025-03-16 18:05:28 - watchfiles.main - INFO - 1 change detected
2025-03-16 18:05:29 - watchfiles.main - INFO - 1 change detected
2025-03-16 18:05:29 - watchfiles.main - INFO - 1 change detected
2025-03-16 18:05:29 - watchfiles.main - INFO - 1 change detected
2025-03-16 18:05:30 - watchfiles.main - INFO - 1 change detected
2025-03-16 18:05:30 - watchfiles.main - INFO - 1 change detected
2025-03-16 18:05:31 - watchfiles.main - INFO - 1 change detected
2025-03-16 18:05:31 - watchfiles.main - INFO - 1 change detected
2025-03-16 18:05:31 - watchfiles.main - INFO - 1 change detected
2025-03-16 18:05:32 - watchfiles.main - INFO - 1 change detected
2025-03-16 18:05:32 - watchfiles.main - INFO - 1 change detected
2025-03-16 18:05:32 - watchfiles.main - INFO - 1 change detected
2025-03-16 18:05:33 - watchfiles.main - INFO - 1 change detected
2025-03-16 18:05:33 - watchfiles.main - INFO - 1 change detected
2025-03-16 18:05:33 - watchfiles.main - INFO - 1 change detected
2025-03-16 18:05:34 - watchfiles.main - INFO - 1 change detected
2025-03-16 18:05:34 - watchfiles.main - INFO - 1 change detected
2025-03-16 18:05:34 - watchfiles.main - INFO - 1 change detected
2025-03-16 18:05:35 - watchfiles.main - INFO - 1 change detected
2025-03-16 18:05:35 - watchfiles.main - INFO - 1 change detected
2025-03-16 18:05:36 - watchfiles.main - INFO - 1 change detected
2025-03-16 18:05:36 - watchfiles.main - INFO - 1 change detected
2025-03-16 18:05:36 - watchfiles.main - INFO - 1 change detected
2025-03-16 18:05:37 - watchfiles.main - INFO - 1 change detected
2025-03-16 18:05:37 - watchfiles.main - INFO - 1 change detected
2025-03-16 18:05:37 - watchfiles.main - INFO - 1 change detected
2025-03-16 18:05:38 - watchfiles.main - INFO - 1 change detected
2025-03-16 18:05:38 - watchfiles.main - INFO - 1 change detected
2025-03-16 18:05:38 - watchfiles.main - INFO - 1 change detected
2025-03-16 18:05:39 - watchfiles.main - INFO - 1 change detected
2025-03-16 18:05:39 - watchfiles.main - INFO - 1 change detected
2025-03-16 18:05:39 - watchfiles.main - INFO - 1 change detected
2025-03-16 18:05:40 - watchfiles.main - INFO - 1 change detected
2025-03-16 18:05:40 - watchfiles.main - INFO - 1 change detected
2025-03-16 18:05:41 - watchfiles.main - INFO - 1 change detected
2025-03-16 18:05:41 - watchfiles.main - INFO - 1 change detected
2025-03-16 18:05:41 - watchfiles.main - INFO - 1 change detected
2025-03-16 18:05:42 - watchfiles.main - INFO - 1 change detected
2025-03-16 18:05:42 - watchfiles.main - INFO - 1 change detected
2025-03-16 18:05:43 - watchfiles.main - INFO - 1 change detected
2025-03-16 18:05:43 - watchfiles.main - INFO - 1 change detected
2025-03-16 18:05:43 - watchfiles.main - INFO - 1 change detected
2025-03-16 18:05:44 - watchfiles.main - INFO - 1 change detected
2025-03-16 18:05:44 - watchfiles.main - INFO - 1 change detected
2025-03-16 18:05:44 - watchfiles.main - INFO - 1 change detected
2025-03-16 18:05:45 - watchfiles.main - INFO - 1 change detected
2025-03-16 18:05:45 - watchfiles.main - INFO - 1 change detected
2025-03-16 18:05:46 - watchfiles.main - INFO - 1 change detected
2025-03-16 18:05:46 - watchfiles.main - INFO - 1 change detected
2025-03-16 18:05:46 - watchfiles.main - INFO - 1 change detected
2025-03-16 18:05:47 - watchfiles.main - INFO - 1 change detected
2025-03-16 18:05:47 - watchfiles.main - INFO - 1 change detected
2025-03-16 18:05:48 - watchfiles.main - INFO - 1 change detected
2025-03-16 18:05:48 - watchfiles.main - INFO - 1 change detected
2025-03-16 18:05:48 - watchfiles.main - INFO - 1 change detected
2025-03-16 18:05:49 - watchfiles.main - INFO - 1 change detected
2025-03-16 18:05:49 - watchfiles.main - INFO - 1 change detected
2025-03-16 18:05:49 - watchfiles.main - INFO - 1 change detected
2025-03-16 18:05:50 - watchfiles.main - INFO - 1 change detected
2025-03-16 18:05:50 - watchfiles.main - INFO - 1 change detected
2025-03-16 18:05:51 - watchfiles.main - INFO - 1 change detected
2025-03-16 18:05:51 - watchfiles.main - INFO - 1 change detected
2025-03-16 18:05:51 - watchfiles.main - INFO - 1 change detected
2025-03-16 18:05:52 - watchfiles.main - INFO - 1 change detected
2025-03-16 18:05:52 - watchfiles.main - INFO - 1 change detected
2025-03-16 18:05:57 - watchfiles.main - INFO - 1 change detected
2025-03-16 18:06:01 - watchfiles.main - INFO - 1 change detected
2025-03-16 18:06:01 - watchfiles.main - INFO - 1 change detected
2025-03-16 18:06:02 - watchfiles.main - INFO - 1 change detected
2025-03-16 18:06:03 - watchfiles.main - INFO - 1 change detected
2025-03-16 18:06:03 - watchfiles.main - INFO - 1 change detected
2025-03-16 18:06:04 - watchfiles.main - INFO - 1 change detected
2025-03-16 18:06:04 - watchfiles.main - INFO - 1 change detected
2025-03-16 18:06:04 - watchfiles.main - INFO - 1 change detected
2025-03-16 18:06:05 - watchfiles.main - INFO - 1 change detected
2025-03-16 18:06:07 - watchfiles.main - INFO - 1 change detected
2025-03-16 18:06:08 - watchfiles.main - INFO - 1 change detected
2025-03-16 18:06:08 - watchfiles.main - INFO - 1 change detected
2025-03-16 18:06:09 - watchfiles.main - INFO - 1 change detected
2025-03-16 18:06:09 - watchfiles.main - INFO - 1 change detected
2025-03-16 18:06:09 - watchfiles.main - INFO - 1 change detected
2025-03-16 18:06:10 - watchfiles.main - INFO - 1 change detected
2025-03-16 18:06:10 - watchfiles.main - INFO - 1 change detected
2025-03-16 18:06:12 - watchfiles.main - INFO - 1 change detected
2025-03-16 18:06:12 - watchfiles.main - INFO - 1 change detected
2025-03-16 18:06:33 - watchfiles.main - INFO - 1 change detected
2025-03-16 18:06:33 - watchfiles.main - INFO - 1 change detected
2025-03-16 18:06:33 - watchfiles.main - INFO - 1 change detected
2025-03-16 18:06:34 - watchfiles.main - INFO - 1 change detected
2025-03-16 18:06:34 - watchfiles.main - INFO - 1 change detected
2025-03-16 18:06:34 - watchfiles.main - INFO - 1 change detected
2025-03-16 18:06:35 - watchfiles.main - INFO - 1 change detected
2025-03-16 18:06:35 - watchfiles.main - INFO - 1 change detected
2025-03-16 18:06:35 - watchfiles.main - INFO - 1 change detected
2025-03-16 18:06:36 - watchfiles.main - INFO - 1 change detected
2025-03-16 18:06:36 - watchfiles.main - INFO - 1 change detected
2025-03-16 18:06:36 - watchfiles.main - INFO - 1 change detected
2025-03-16 18:06:37 - watchfiles.main - INFO - 1 change detected
2025-03-16 18:06:37 - watchfiles.main - INFO - 1 change detected
2025-03-16 18:06:38 - watchfiles.main - INFO - 1 change detected
2025-03-16 18:06:38 - watchfiles.main - INFO - 1 change detected
2025-03-16 18:06:39 - watchfiles.main - INFO - 1 change detected
2025-03-16 18:06:39 - watchfiles.main - INFO - 1 change detected
2025-03-16 18:06:39 - watchfiles.main - INFO - 1 change detected
2025-03-16 18:06:40 - watchfiles.main - INFO - 1 change detected
2025-03-16 18:06:40 - watchfiles.main - INFO - 1 change detected
2025-03-16 18:06:41 - watchfiles.main - INFO - 1 change detected
2025-03-16 18:06:41 - watchfiles.main - INFO - 1 change detected
2025-03-16 18:06:41 - watchfiles.main - INFO - 1 change detected
2025-03-16 18:06:42 - watchfiles.main - INFO - 1 change detected
2025-03-16 18:06:42 - watchfiles.main - INFO - 1 change detected
2025-03-16 18:06:42 - watchfiles.main - INFO - 1 change detected
2025-03-16 18:06:43 - watchfiles.main - INFO - 1 change detected
2025-03-16 18:06:43 - watchfiles.main - INFO - 1 change detected
2025-03-16 18:06:44 - watchfiles.main - INFO - 1 change detected
2025-03-16 18:06:44 - watchfiles.main - INFO - 1 change detected
2025-03-16 18:06:45 - watchfiles.main - INFO - 1 change detected
2025-03-16 18:06:45 - watchfiles.main - INFO - 1 change detected
2025-03-16 18:06:45 - watchfiles.main - INFO - 1 change detected
2025-03-16 18:06:46 - watchfiles.main - INFO - 1 change detected
2025-03-16 18:06:46 - watchfiles.main - INFO - 1 change detected
2025-03-16 18:06:47 - watchfiles.main - INFO - 1 change detected
2025-03-16 18:06:47 - watchfiles.main - INFO - 1 change detected
2025-03-16 18:06:47 - watchfiles.main - INFO - 1 change detected
2025-03-16 18:06:48 - watchfiles.main - INFO - 1 change detected
2025-03-16 18:06:48 - watchfiles.main - INFO - 1 change detected
2025-03-16 18:06:49 - watchfiles.main - INFO - 1 change detected
2025-03-16 18:06:49 - watchfiles.main - INFO - 1 change detected
2025-03-16 18:06:49 - watchfiles.main - INFO - 1 change detected
2025-03-16 18:06:50 - watchfiles.main - INFO - 1 change detected
2025-03-16 18:06:50 - watchfiles.main - INFO - 1 change detected
2025-03-16 18:06:51 - watchfiles.main - INFO - 1 change detected
2025-03-16 18:06:51 - watchfiles.main - INFO - 1 change detected
2025-03-16 18:06:51 - watchfiles.main - INFO - 1 change detected
2025-03-16 18:06:52 - watchfiles.main - INFO - 1 change detected
2025-03-16 18:06:52 - watchfiles.main - INFO - 1 change detected
2025-03-16 18:06:53 - watchfiles.main - INFO - 1 change detected
2025-03-16 18:06:53 - watchfiles.main - INFO - 1 change detected
2025-03-16 18:06:53 - watchfiles.main - INFO - 1 change detected
2025-03-16 18:06:54 - watchfiles.main - INFO - 1 change detected
2025-03-16 18:06:54 - watchfiles.main - INFO - 1 change detected
2025-03-16 18:06:55 - watchfiles.main - INFO - 1 change detected
2025-03-16 18:06:55 - watchfiles.main - INFO - 1 change detected
2025-03-16 18:06:55 - watchfiles.main - INFO - 1 change detected
2025-03-16 18:06:56 - watchfiles.main - INFO - 1 change detected
2025-03-16 18:06:56 - watchfiles.main - INFO - 1 change detected
2025-03-16 18:06:56 - watchfiles.main - INFO - 1 change detected
2025-03-16 18:06:57 - watchfiles.main - INFO - 1 change detected
2025-03-16 18:06:57 - watchfiles.main - INFO - 1 change detected
2025-03-16 18:06:58 - watchfiles.main - INFO - 1 change detected
2025-03-16 18:06:58 - watchfiles.main - INFO - 1 change detected
2025-03-16 18:06:58 - watchfiles.main - INFO - 1 change detected
2025-03-16 18:06:59 - watchfiles.main - INFO - 2 changes detected
2025-03-16 18:06:59 - uvicorn.error - WARNING - WatchFiles detected changes in 'routes\auth.py'. Reloading...
